{"C:\\Users\\satya\\projects\\yntro\\src\\components\\Layout.jsx": {"path":"C:\\Users\\satya\\projects\\yntro\\src\\components\\Layout.jsx","statementMap":{"0":{"start":{"line":6,"column":18},"end":{"line":12,"column":null}},"1":{"start":{"line":15,"column":25},"end":{"line":15,"column":null}},"2":{"start":{"line":16,"column":19},"end":{"line":16,"column":null}},"3":{"start":{"line":17,"column":8},"end":{"line":17,"column":null}},"4":{"start":{"line":19,"column":2},"end":{"line":25,"column":null}},"5":{"start":{"line":20,"column":10},"end":{"line":22,"column":null}},"6":{"start":{"line":21,"column":6},"end":{"line":21,"column":null}},"7":{"start":{"line":23,"column":4},"end":{"line":23,"column":null}},"8":{"start":{"line":24,"column":4},"end":{"line":24,"column":null}},"9":{"start":{"line":24,"column":17},"end":{"line":24,"column":null}},"10":{"start":{"line":28,"column":2},"end":{"line":30,"column":null}},"11":{"start":{"line":29,"column":4},"end":{"line":29,"column":null}},"12":{"start":{"line":32,"column":17},"end":{"line":32,"column":null}},"13":{"start":{"line":34,"column":2},"end":{"line":155,"column":null}},"14":{"start":{"line":59,"column":27},"end":{"line":59,"column":null}},"15":{"start":{"line":60,"column":14},"end":{"line":73,"column":null}},"16":{"start":{"line":65,"column":20},"end":{"line":67,"column":null}},"17":{"start":{"line":96,"column":27},"end":{"line":96,"column":null}},"18":{"start":{"line":115,"column":29},"end":{"line":115,"column":null}},"19":{"start":{"line":116,"column":16},"end":{"line":129,"column":null}},"20":{"start":{"line":121,"column":22},"end":{"line":123,"column":null}}},"fnMap":{"0":{"name":"Layout","decl":{"start":{"line":14,"column":24},"end":{"line":14,"column":31}},"loc":{"start":{"line":14,"column":44},"end":{"line":157,"column":null}},"line":14},"1":{"name":"(anonymous_1)","decl":{"start":{"line":19,"column":2},"end":{"line":19,"column":18}},"loc":{"start":{"line":19,"column":18},"end":{"line":25,"column":5}},"line":19},"2":{"name":"(anonymous_2)","decl":{"start":{"line":20,"column":10},"end":{"line":20,"column":31}},"loc":{"start":{"line":20,"column":31},"end":{"line":22,"column":null}},"line":20},"3":{"name":"(anonymous_3)","decl":{"start":{"line":24,"column":4},"end":{"line":24,"column":17}},"loc":{"start":{"line":24,"column":17},"end":{"line":24,"column":null}},"line":24},"4":{"name":"(anonymous_4)","decl":{"start":{"line":28,"column":2},"end":{"line":28,"column":18}},"loc":{"start":{"line":28,"column":18},"end":{"line":30,"column":5}},"line":28},"5":{"name":"(anonymous_5)","decl":{"start":{"line":58,"column":23},"end":{"line":58,"column":28}},"loc":{"start":{"line":58,"column":37},"end":{"line":75,"column":13}},"line":58},"6":{"name":"(anonymous_6)","decl":{"start":{"line":64,"column":18},"end":{"line":64,"column":30}},"loc":{"start":{"line":65,"column":20},"end":{"line":67,"column":null}},"line":65},"7":{"name":"(anonymous_7)","decl":{"start":{"line":96,"column":12},"end":{"line":96,"column":27}},"loc":{"start":{"line":96,"column":27},"end":{"line":96,"column":null}},"line":96},"8":{"name":"(anonymous_8)","decl":{"start":{"line":114,"column":25},"end":{"line":114,"column":30}},"loc":{"start":{"line":114,"column":39},"end":{"line":131,"column":15}},"line":114},"9":{"name":"(anonymous_9)","decl":{"start":{"line":120,"column":20},"end":{"line":120,"column":32}},"loc":{"start":{"line":121,"column":22},"end":{"line":123,"column":null}},"line":121}},"branchMap":{"0":{"loc":{"start":{"line":38,"column":82},"end":{"line":38,"column":null}},"type":"cond-expr","locations":[{"start":{"line":38,"column":104},"end":{"line":38,"column":129}},{"start":{"line":38,"column":129},"end":{"line":38,"column":null}}],"line":38},"1":{"loc":{"start":{"line":38,"column":82},"end":{"line":38,"column":104}},"type":"binary-expr","locations":[{"start":{"line":38,"column":82},"end":{"line":38,"column":94}},{"start":{"line":38,"column":94},"end":{"line":38,"column":104}}],"line":38},"2":{"loc":{"start":{"line":65,"column":118},"end":{"line":67,"column":null}},"type":"cond-expr","locations":[{"start":{"line":66,"column":24},"end":{"line":66,"column":null}},{"start":{"line":67,"column":24},"end":{"line":67,"column":null}}],"line":65},"3":{"loc":{"start":{"line":84,"column":118},"end":{"line":84,"column":149}},"type":"binary-expr","locations":[{"start":{"line":84,"column":118},"end":{"line":84,"column":135}},{"start":{"line":84,"column":135},"end":{"line":84,"column":149}}],"line":84},"4":{"loc":{"start":{"line":88,"column":52},"end":{"line":88,"column":81}},"type":"binary-expr","locations":[{"start":{"line":88,"column":52},"end":{"line":88,"column":76}},{"start":{"line":88,"column":76},"end":{"line":88,"column":81}}],"line":88},"5":{"loc":{"start":{"line":99,"column":13},"end":{"line":99,"column":null}},"type":"cond-expr","locations":[{"start":{"line":99,"column":30},"end":{"line":99,"column":49}},{"start":{"line":99,"column":48},"end":{"line":99,"column":null}}],"line":99},"6":{"loc":{"start":{"line":106,"column":9},"end":{"line":147,"column":null}},"type":"binary-expr","locations":[{"start":{"line":106,"column":9},"end":{"line":106,"column":null}},{"start":{"line":107,"column":10},"end":{"line":147,"column":null}}],"line":106},"7":{"loc":{"start":{"line":121,"column":107},"end":{"line":123,"column":null}},"type":"cond-expr","locations":[{"start":{"line":122,"column":26},"end":{"line":122,"column":null}},{"start":{"line":123,"column":26},"end":{"line":123,"column":null}}],"line":121},"8":{"loc":{"start":{"line":140,"column":65},"end":{"line":140,"column":96}},"type":"binary-expr","locations":[{"start":{"line":140,"column":65},"end":{"line":140,"column":82}},{"start":{"line":140,"column":82},"end":{"line":140,"column":96}}],"line":140},"9":{"loc":{"start":{"line":143,"column":48},"end":{"line":143,"column":74}},"type":"binary-expr","locations":[{"start":{"line":143,"column":48},"end":{"line":143,"column":72}},{"start":{"line":143,"column":72},"end":{"line":143,"column":74}}],"line":143},"10":{"loc":{"start":{"line":150,"column":42},"end":{"line":150,"column":null}},"type":"cond-expr","locations":[{"start":{"line":150,"column":51},"end":{"line":150,"column":59}},{"start":{"line":150,"column":59},"end":{"line":150,"column":null}}],"line":150},"11":{"loc":{"start":{"line":151,"column":35},"end":{"line":151,"column":null}},"type":"cond-expr","locations":[{"start":{"line":151,"column":44},"end":{"line":151,"column":66}},{"start":{"line":151,"column":66},"end":{"line":151,"column":null}}],"line":151}},"s":{"0":1,"1":6,"2":6,"3":6,"4":6,"5":3,"6":0,"7":3,"8":3,"9":3,"10":6,"11":3,"12":6,"13":6,"14":30,"15":30,"16":25,"17":2,"18":10,"19":10,"20":5},"f":{"0":6,"1":3,"2":0,"3":3,"4":3,"5":30,"6":25,"7":2,"8":10,"9":5},"b":{"0":[0,6],"1":[6,6],"2":[5,20],"3":[6,0],"4":[6,0],"5":[2,4],"6":[6,2],"7":[1,4],"8":[2,0],"9":[2,0],"10":[6,0],"11":[6,0]},"meta":{"lastBranch":12,"lastFunction":10,"lastStatement":21,"seen":{"s:6:18:12:Infinity":0,"f:14:24:14:31":0,"s:15:25:15:Infinity":1,"s:16:19:16:Infinity":2,"s:17:8:17:Infinity":3,"s:19:2:25:Infinity":4,"f:19:2:19:18":1,"s:20:10:22:Infinity":5,"f:20:10:20:31":2,"s:21:6:21:Infinity":6,"s:23:4:23:Infinity":7,"s:24:4:24:Infinity":8,"f:24:4:24:17":3,"s:24:17:24:Infinity":9,"s:28:2:30:Infinity":10,"f:28:2:28:18":4,"s:29:4:29:Infinity":11,"s:32:17:32:Infinity":12,"s:34:2:155:Infinity":13,"b:38:104:38:129:38:129:38:Infinity":0,"b:38:82:38:94:38:94:38:104":1,"f:58:23:58:28":5,"s:59:27:59:Infinity":14,"s:60:14:73:Infinity":15,"f:64:18:64:30":6,"s:65:20:67:Infinity":16,"b:66:24:66:Infinity:67:24:67:Infinity":2,"b:84:118:84:135:84:135:84:149":3,"b:88:52:88:76:88:76:88:81":4,"f:96:12:96:27":7,"s:96:27:96:Infinity":17,"b:99:30:99:49:99:48:99:Infinity":5,"b:106:9:106:Infinity:107:10:147:Infinity":6,"f:114:25:114:30":8,"s:115:29:115:Infinity":18,"s:116:16:129:Infinity":19,"f:120:20:120:32":9,"s:121:22:123:Infinity":20,"b:122:26:122:Infinity:123:26:123:Infinity":7,"b:140:65:140:82:140:82:140:96":8,"b:143:48:143:72:143:72:143:74":9,"b:150:51:150:59:150:59:150:Infinity":10,"b:151:44:151:66:151:66:151:Infinity":11},"fnNames":{}}}
,"C:\\Users\\satya\\projects\\yntro\\src\\components\\Onboarding.jsx": {"path":"C:\\Users\\satya\\projects\\yntro\\src\\components\\Onboarding.jsx","statementMap":{"0":{"start":{"line":6,"column":15},"end":{"line":6,"column":null}},"1":{"start":{"line":7,"column":15},"end":{"line":7,"column":null}},"2":{"start":{"line":8,"column":15},"end":{"line":8,"column":null}},"3":{"start":{"line":10,"column":16},"end":{"line":14,"column":null}},"4":{"start":{"line":16,"column":8},"end":{"line":27,"column":null}},"5":{"start":{"line":17,"column":4},"end":{"line":17,"column":null}},"6":{"start":{"line":18,"column":4},"end":{"line":26,"column":null}},"7":{"start":{"line":19,"column":6},"end":{"line":19,"column":null}},"8":{"start":{"line":20,"column":11},"end":{"line":26,"column":null}},"9":{"start":{"line":22,"column":6},"end":{"line":25,"column":null}},"10":{"start":{"line":29,"column":2},"end":{"line":112,"column":null}},"11":{"start":{"line":58,"column":33},"end":{"line":58,"column":null}},"12":{"start":{"line":87,"column":16},"end":{"line":98,"column":null}},"13":{"start":{"line":89,"column":33},"end":{"line":89,"column":null}}},"fnMap":{"0":{"name":"Onboarding","decl":{"start":{"line":5,"column":24},"end":{"line":5,"column":35}},"loc":{"start":{"line":5,"column":54},"end":{"line":114,"column":null}},"line":5},"1":{"name":"(anonymous_1)","decl":{"start":{"line":16,"column":8},"end":{"line":16,"column":22}},"loc":{"start":{"line":16,"column":28},"end":{"line":27,"column":null}},"line":16},"2":{"name":"(anonymous_2)","decl":{"start":{"line":58,"column":16},"end":{"line":58,"column":27}},"loc":{"start":{"line":58,"column":33},"end":{"line":58,"column":null}},"line":58},"3":{"name":"(anonymous_3)","decl":{"start":{"line":86,"column":21},"end":{"line":86,"column":26}},"loc":{"start":{"line":87,"column":16},"end":{"line":98,"column":null}},"line":87},"4":{"name":"(anonymous_4)","decl":{"start":{"line":89,"column":18},"end":{"line":89,"column":33}},"loc":{"start":{"line":89,"column":33},"end":{"line":89,"column":null}},"line":89}},"branchMap":{"0":{"loc":{"start":{"line":18,"column":4},"end":{"line":26,"column":null}},"type":"if","locations":[{"start":{"line":18,"column":4},"end":{"line":26,"column":null}},{"start":{"line":20,"column":11},"end":{"line":26,"column":null}}],"line":18},"1":{"loc":{"start":{"line":18,"column":8},"end":{"line":18,"column":35}},"type":"binary-expr","locations":[{"start":{"line":18,"column":8},"end":{"line":18,"column":22}},{"start":{"line":18,"column":22},"end":{"line":18,"column":35}}],"line":18},"2":{"loc":{"start":{"line":20,"column":11},"end":{"line":26,"column":null}},"type":"if","locations":[{"start":{"line":20,"column":11},"end":{"line":26,"column":null}},{"start":{},"end":{}}],"line":20},"3":{"loc":{"start":{"line":20,"column":15},"end":{"line":20,"column":35}},"type":"binary-expr","locations":[{"start":{"line":20,"column":15},"end":{"line":20,"column":29}},{"start":{"line":20,"column":29},"end":{"line":20,"column":35}}],"line":20},"4":{"loc":{"start":{"line":38,"column":9},"end":{"line":72,"column":null}},"type":"binary-expr","locations":[{"start":{"line":38,"column":9},"end":{"line":38,"column":null}},{"start":{"line":39,"column":10},"end":{"line":72,"column":null}}],"line":38},"5":{"loc":{"start":{"line":75,"column":9},"end":{"line":109,"column":null}},"type":"binary-expr","locations":[{"start":{"line":75,"column":9},"end":{"line":75,"column":null}},{"start":{"line":76,"column":10},"end":{"line":109,"column":null}}],"line":75},"6":{"loc":{"start":{"line":91,"column":20},"end":{"line":93,"column":null}},"type":"cond-expr","locations":[{"start":{"line":92,"column":24},"end":{"line":92,"column":null}},{"start":{"line":93,"column":24},"end":{"line":93,"column":null}}],"line":91}},"s":{"0":8,"1":8,"2":8,"3":8,"4":8,"5":3,"6":3,"7":2,"8":1,"9":1,"10":8,"11":2,"12":9,"13":1},"f":{"0":8,"1":3,"2":2,"3":9,"4":1},"b":{"0":[2,1],"1":[3,2],"2":[1,0],"3":[1,1],"4":[8,5],"5":[8,3],"6":[1,8]},"meta":{"lastBranch":7,"lastFunction":5,"lastStatement":14,"seen":{"f:5:24:5:35":0,"s:6:15:6:Infinity":0,"s:7:15:7:Infinity":1,"s:8:15:8:Infinity":2,"s:10:16:14:Infinity":3,"s:16:8:27:Infinity":4,"f:16:8:16:22":1,"s:17:4:17:Infinity":5,"b:18:4:26:Infinity:20:11:26:Infinity":0,"s:18:4:26:Infinity":6,"b:18:8:18:22:18:22:18:35":1,"s:19:6:19:Infinity":7,"b:20:11:26:Infinity:undefined:undefined:undefined:undefined":2,"s:20:11:26:Infinity":8,"b:20:15:20:29:20:29:20:35":3,"s:22:6:25:Infinity":9,"s:29:2:112:Infinity":10,"b:38:9:38:Infinity:39:10:72:Infinity":4,"f:58:16:58:27":2,"s:58:33:58:Infinity":11,"b:75:9:75:Infinity:76:10:109:Infinity":5,"f:86:21:86:26":3,"s:87:16:98:Infinity":12,"f:89:18:89:33":4,"s:89:33:89:Infinity":13,"b:92:24:92:Infinity:93:24:93:Infinity":6},"fnNames":{}}}
,"C:\\Users\\satya\\projects\\yntro\\src\\pages\\CalculatorPage.jsx": {"path":"C:\\Users\\satya\\projects\\yntro\\src\\pages\\CalculatorPage.jsx","statementMap":{"0":{"start":{"line":8,"column":14},"end":{"line":8,"column":null}},"1":{"start":{"line":9,"column":19},"end":{"line":9,"column":null}},"2":{"start":{"line":10,"column":20},"end":{"line":10,"column":null}},"3":{"start":{"line":13,"column":15},"end":{"line":13,"column":null}},"4":{"start":{"line":14,"column":15},"end":{"line":21,"column":null}},"5":{"start":{"line":22,"column":22},"end":{"line":22,"column":null}},"6":{"start":{"line":23,"column":8},"end":{"line":23,"column":null}},"7":{"start":{"line":25,"column":26},"end":{"line":25,"column":null}},"8":{"start":{"line":26,"column":18},"end":{"line":26,"column":null}},"9":{"start":{"line":28,"column":8},"end":{"line":36,"column":null}},"10":{"start":{"line":29,"column":4},"end":{"line":35,"column":null}},"11":{"start":{"line":29,"column":21},"end":{"line":35,"column":6}},"12":{"start":{"line":38,"column":8},"end":{"line":41,"column":null}},"13":{"start":{"line":39,"column":4},"end":{"line":40,"column":null}},"14":{"start":{"line":39,"column":33},"end":{"line":39,"column":null}},"15":{"start":{"line":40,"column":9},"end":{"line":40,"column":null}},"16":{"start":{"line":43,"column":8},"end":{"line":45,"column":null}},"17":{"start":{"line":44,"column":4},"end":{"line":44,"column":null}},"18":{"start":{"line":44,"column":18},"end":{"line":44,"column":null}},"19":{"start":{"line":47,"column":8},"end":{"line":57,"column":null}},"20":{"start":{"line":48,"column":4},"end":{"line":48,"column":null}},"21":{"start":{"line":49,"column":10},"end":{"line":49,"column":null}},"22":{"start":{"line":50,"column":4},"end":{"line":55,"column":null}},"23":{"start":{"line":56,"column":4},"end":{"line":56,"column":null}},"24":{"start":{"line":59,"column":2},"end":{"line":137,"column":null}},"25":{"start":{"line":60,"column":10},"end":{"line":60,"column":null}},"26":{"start":{"line":61,"column":10},"end":{"line":61,"column":null}},"27":{"start":{"line":62,"column":18},"end":{"line":62,"column":null}},"28":{"start":{"line":63,"column":23},"end":{"line":63,"column":null}},"29":{"start":{"line":65,"column":4},"end":{"line":135,"column":null}},"30":{"start":{"line":102,"column":33},"end":{"line":102,"column":38}},"31":{"start":{"line":103,"column":30},"end":{"line":103,"column":41}},"32":{"start":{"line":105,"column":16},"end":{"line":122,"column":null}},"33":{"start":{"line":108,"column":45},"end":{"line":108,"column":62}},"34":{"start":{"line":108,"column":62},"end":{"line":108,"column":89}},"35":{"start":{"line":128,"column":35},"end":{"line":128,"column":58}},"36":{"start":{"line":128,"column":58},"end":{"line":128,"column":70}},"37":{"start":{"line":128,"column":70},"end":{"line":128,"column":161}},"38":{"start":{"line":131,"column":33},"end":{"line":131,"column":48}},"39":{"start":{"line":139,"column":2},"end":{"line":239,"column":null}},"40":{"start":{"line":150,"column":12},"end":{"line":160,"column":null}},"41":{"start":{"line":152,"column":29},"end":{"line":152,"column":null}},"42":{"start":{"line":158,"column":37},"end":{"line":158,"column":52}},"43":{"start":{"line":158,"column":52},"end":{"line":158,"column":79}},"44":{"start":{"line":183,"column":37},"end":{"line":183,"column":66}},"45":{"start":{"line":183,"column":66},"end":{"line":183,"column":93}},"46":{"start":{"line":193,"column":14},"end":{"line":217,"column":null}},"47":{"start":{"line":205,"column":37},"end":{"line":205,"column":null}}},"fnMap":{"0":{"name":"CalculatorPage","decl":{"start":{"line":12,"column":24},"end":{"line":12,"column":39}},"loc":{"start":{"line":12,"column":67},"end":{"line":241,"column":null}},"line":12},"1":{"name":"(anonymous_1)","decl":{"start":{"line":28,"column":8},"end":{"line":28,"column":23}},"loc":{"start":{"line":28,"column":39},"end":{"line":36,"column":null}},"line":28},"2":{"name":"(anonymous_2)","decl":{"start":{"line":29,"column":4},"end":{"line":29,"column":12}},"loc":{"start":{"line":29,"column":21},"end":{"line":35,"column":6}},"line":29},"3":{"name":"(anonymous_3)","decl":{"start":{"line":38,"column":8},"end":{"line":38,"column":21}},"loc":{"start":{"line":38,"column":21},"end":{"line":41,"column":null}},"line":38},"4":{"name":"(anonymous_4)","decl":{"start":{"line":43,"column":8},"end":{"line":43,"column":21}},"loc":{"start":{"line":43,"column":21},"end":{"line":45,"column":null}},"line":43},"5":{"name":"(anonymous_5)","decl":{"start":{"line":47,"column":8},"end":{"line":47,"column":29}},"loc":{"start":{"line":47,"column":29},"end":{"line":57,"column":null}},"line":47},"6":{"name":"(anonymous_6)","decl":{"start":{"line":102,"column":15},"end":{"line":102,"column":23}},"loc":{"start":{"line":102,"column":33},"end":{"line":102,"column":38}},"line":102},"7":{"name":"(anonymous_7)","decl":{"start":{"line":103,"column":15},"end":{"line":103,"column":21}},"loc":{"start":{"line":103,"column":30},"end":{"line":103,"column":41}},"line":103},"8":{"name":"(anonymous_8)","decl":{"start":{"line":104,"column":15},"end":{"line":104,"column":20}},"loc":{"start":{"line":105,"column":16},"end":{"line":122,"column":null}},"line":105},"9":{"name":"(anonymous_9)","decl":{"start":{"line":107,"column":20},"end":{"line":107,"column":21}},"loc":{"start":{"line":108,"column":30},"end":{"line":108,"column":92}},"line":108},"10":{"name":"(anonymous_10)","decl":{"start":{"line":128,"column":18},"end":{"line":128,"column":33}},"loc":{"start":{"line":128,"column":33},"end":{"line":128,"column":164}},"line":128},"11":{"name":"(anonymous_11)","decl":{"start":{"line":131,"column":18},"end":{"line":131,"column":33}},"loc":{"start":{"line":131,"column":33},"end":{"line":131,"column":48}},"line":131},"12":{"name":"(anonymous_12)","decl":{"start":{"line":149,"column":17},"end":{"line":149,"column":22}},"loc":{"start":{"line":150,"column":12},"end":{"line":160,"column":null}},"line":150},"13":{"name":"(anonymous_13)","decl":{"start":{"line":152,"column":14},"end":{"line":152,"column":29}},"loc":{"start":{"line":152,"column":29},"end":{"line":152,"column":null}},"line":152},"14":{"name":"(anonymous_14)","decl":{"start":{"line":150,"column":12},"end":{"line":150,"column":13}},"loc":{"start":{"line":158,"column":22},"end":{"line":158,"column":82}},"line":158},"15":{"name":"(anonymous_15)","decl":{"start":{"line":183,"column":22},"end":{"line":183,"column":24}},"loc":{"start":{"line":183,"column":22},"end":{"line":183,"column":96}},"line":183},"16":{"name":"(anonymous_16)","decl":{"start":{"line":192,"column":37},"end":{"line":192,"column":42}},"loc":{"start":{"line":193,"column":14},"end":{"line":217,"column":null}},"line":193},"17":{"name":"(anonymous_17)","decl":{"start":{"line":205,"column":20},"end":{"line":205,"column":31}},"loc":{"start":{"line":205,"column":37},"end":{"line":205,"column":null}},"line":205}},"branchMap":{"0":{"loc":{"start":{"line":33,"column":28},"end":{"line":33,"column":46}},"type":"binary-expr","locations":[{"start":{"line":33,"column":28},"end":{"line":33,"column":45}},{"start":{"line":33,"column":45},"end":{"line":33,"column":46}}],"line":33},"1":{"loc":{"start":{"line":39,"column":4},"end":{"line":40,"column":null}},"type":"if","locations":[{"start":{"line":39,"column":4},"end":{"line":40,"column":null}},{"start":{"line":40,"column":9},"end":{"line":40,"column":null}}],"line":39},"2":{"loc":{"start":{"line":44,"column":4},"end":{"line":44,"column":null}},"type":"if","locations":[{"start":{"line":44,"column":4},"end":{"line":44,"column":null}},{"start":{},"end":{}}],"line":44},"3":{"loc":{"start":{"line":59,"column":2},"end":{"line":137,"column":null}},"type":"if","locations":[{"start":{"line":59,"column":2},"end":{"line":137,"column":null}},{"start":{},"end":{}}],"line":59},"4":{"loc":{"start":{"line":62,"column":18},"end":{"line":62,"column":null}},"type":"cond-expr","locations":[{"start":{"line":62,"column":50},"end":{"line":62,"column":64}},{"start":{"line":62,"column":64},"end":{"line":62,"column":null}}],"line":62},"5":{"loc":{"start":{"line":62,"column":64},"end":{"line":62,"column":null}},"type":"cond-expr","locations":[{"start":{"line":62,"column":98},"end":{"line":62,"column":107}},{"start":{"line":62,"column":107},"end":{"line":62,"column":null}}],"line":62},"6":{"loc":{"start":{"line":62,"column":107},"end":{"line":62,"column":null}},"type":"cond-expr","locations":[{"start":{"line":62,"column":143},"end":{"line":62,"column":155}},{"start":{"line":62,"column":155},"end":{"line":62,"column":null}}],"line":62},"7":{"loc":{"start":{"line":63,"column":23},"end":{"line":63,"column":null}},"type":"cond-expr","locations":[{"start":{"line":63,"column":55},"end":{"line":63,"column":76}},{"start":{"line":63,"column":76},"end":{"line":63,"column":null}}],"line":63},"8":{"loc":{"start":{"line":63,"column":76},"end":{"line":63,"column":null}},"type":"cond-expr","locations":[{"start":{"line":63,"column":110},"end":{"line":63,"column":129}},{"start":{"line":63,"column":129},"end":{"line":63,"column":null}}],"line":63},"9":{"loc":{"start":{"line":63,"column":129},"end":{"line":63,"column":null}},"type":"cond-expr","locations":[{"start":{"line":63,"column":165},"end":{"line":63,"column":184}},{"start":{"line":63,"column":184},"end":{"line":63,"column":null}}],"line":63},"10":{"loc":{"start":{"line":154,"column":16},"end":{"line":154,"column":null}},"type":"cond-expr","locations":[{"start":{"line":154,"column":29},"end":{"line":154,"column":60}},{"start":{"line":154,"column":60},"end":{"line":154,"column":null}}],"line":154},"11":{"loc":{"start":{"line":154,"column":60},"end":{"line":154,"column":null}},"type":"cond-expr","locations":[{"start":{"line":154,"column":71},"end":{"line":154,"column":100}},{"start":{"line":154,"column":100},"end":{"line":154,"column":null}}],"line":154},"12":{"loc":{"start":{"line":204,"column":27},"end":{"line":204,"column":null}},"type":"binary-expr","locations":[{"start":{"line":204,"column":27},"end":{"line":204,"column":58}},{"start":{"line":204,"column":58},"end":{"line":204,"column":null}}],"line":204},"13":{"loc":{"start":{"line":212,"column":17},"end":{"line":215,"column":null}},"type":"binary-expr","locations":[{"start":{"line":212,"column":17},"end":{"line":212,"column":null}},{"start":{"line":213,"column":18},"end":{"line":215,"column":null}}],"line":212},"14":{"loc":{"start":{"line":236,"column":11},"end":{"line":236,"column":null}},"type":"cond-expr","locations":[{"start":{"line":236,"column":39},"end":{"line":236,"column":55}},{"start":{"line":236,"column":55},"end":{"line":236,"column":null}}],"line":236}},"s":{"0":1,"1":1,"2":1,"3":9,"4":9,"5":9,"6":9,"7":9,"8":9,"9":9,"10":1,"11":1,"12":9,"13":6,"14":5,"15":1,"16":9,"17":0,"18":0,"19":9,"20":1,"21":1,"22":1,"23":1,"24":9,"25":1,"26":1,"27":1,"28":1,"29":1,"30":6,"31":0,"32":1,"33":1,"34":1,"35":0,"36":0,"37":0,"38":0,"39":8,"40":48,"41":0,"42":48,"43":48,"44":8,"45":8,"46":53,"47":1},"f":{"0":9,"1":1,"2":1,"3":6,"4":0,"5":1,"6":6,"7":0,"8":1,"9":1,"10":0,"11":0,"12":48,"13":0,"14":48,"15":8,"16":53,"17":1},"b":{"0":[1,0],"1":[5,1],"2":[0,0],"3":[1,8],"4":[1,0],"5":[0,0],"6":[0,0],"7":[1,0],"8":[0,0],"9":[0,0],"10":[8,40],"11":[15,25],"12":[53,52],"13":[53,1],"14":[1,7]},"meta":{"lastBranch":15,"lastFunction":18,"lastStatement":48,"seen":{"s:8:14:8:Infinity":0,"s:9:19:9:Infinity":1,"s:10:20:10:Infinity":2,"f:12:24:12:39":0,"s:13:15:13:Infinity":3,"s:14:15:21:Infinity":4,"s:22:22:22:Infinity":5,"s:23:8:23:Infinity":6,"s:25:26:25:Infinity":7,"s:26:18:26:Infinity":8,"s:28:8:36:Infinity":9,"f:28:8:28:23":1,"s:29:4:35:Infinity":10,"f:29:4:29:12":2,"s:29:21:35:6":11,"b:33:28:33:45:33:45:33:46":0,"s:38:8:41:Infinity":12,"f:38:8:38:21":3,"b:39:4:40:Infinity:40:9:40:Infinity":1,"s:39:4:40:Infinity":13,"s:39:33:39:Infinity":14,"s:40:9:40:Infinity":15,"s:43:8:45:Infinity":16,"f:43:8:43:21":4,"b:44:4:44:Infinity:undefined:undefined:undefined:undefined":2,"s:44:4:44:Infinity":17,"s:44:18:44:Infinity":18,"s:47:8:57:Infinity":19,"f:47:8:47:29":5,"s:48:4:48:Infinity":20,"s:49:10:49:Infinity":21,"s:50:4:55:Infinity":22,"s:56:4:56:Infinity":23,"b:59:2:137:Infinity:undefined:undefined:undefined:undefined":3,"s:59:2:137:Infinity":24,"s:60:10:60:Infinity":25,"s:61:10:61:Infinity":26,"s:62:18:62:Infinity":27,"b:62:50:62:64:62:64:62:Infinity":4,"b:62:98:62:107:62:107:62:Infinity":5,"b:62:143:62:155:62:155:62:Infinity":6,"s:63:23:63:Infinity":28,"b:63:55:63:76:63:76:63:Infinity":7,"b:63:110:63:129:63:129:63:Infinity":8,"b:63:165:63:184:63:184:63:Infinity":9,"s:65:4:135:Infinity":29,"f:102:15:102:23":6,"s:102:33:102:38":30,"f:103:15:103:21":7,"s:103:30:103:41":31,"f:104:15:104:20":8,"s:105:16:122:Infinity":32,"f:107:20:107:21":9,"s:108:45:108:62":33,"s:108:62:108:89":34,"f:128:18:128:33":10,"s:128:35:128:58":35,"s:128:58:128:70":36,"s:128:70:128:161":37,"f:131:18:131:33":11,"s:131:33:131:48":38,"s:139:2:239:Infinity":39,"f:149:17:149:22":12,"s:150:12:160:Infinity":40,"f:152:14:152:29":13,"s:152:29:152:Infinity":41,"b:154:29:154:60:154:60:154:Infinity":10,"b:154:71:154:100:154:100:154:Infinity":11,"f:150:12:150:13":14,"s:158:37:158:52":42,"s:158:52:158:79":43,"f:183:22:183:24":15,"s:183:37:183:66":44,"s:183:66:183:93":45,"f:192:37:192:42":16,"s:193:14:217:Infinity":46,"b:204:27:204:58:204:58:204:Infinity":12,"f:205:20:205:31":17,"s:205:37:205:Infinity":47,"b:212:17:212:Infinity:213:18:215:Infinity":13,"b:236:39:236:55:236:55:236:Infinity":14},"fnNames":{}}}
,"C:\\Users\\satya\\projects\\yntro\\src\\pages\\CoachPage.jsx": {"path":"C:\\Users\\satya\\projects\\yntro\\src\\pages\\CoachPage.jsx","statementMap":{"0":{"start":{"line":7,"column":20},"end":{"line":14,"column":null}},"1":{"start":{"line":17,"column":19},"end":{"line":22,"column":null}},"2":{"start":{"line":18,"column":10},"end":{"line":18,"column":null}},"3":{"start":{"line":19,"column":4},"end":{"line":21,"column":null}},"4":{"start":{"line":23,"column":16},"end":{"line":23,"column":null}},"5":{"start":{"line":24,"column":19},"end":{"line":24,"column":null}},"6":{"start":{"line":25,"column":8},"end":{"line":25,"column":null}},"7":{"start":{"line":26,"column":8},"end":{"line":26,"column":null}},"8":{"start":{"line":28,"column":2},"end":{"line":30,"column":null}},"9":{"start":{"line":29,"column":4},"end":{"line":29,"column":null}},"10":{"start":{"line":32,"column":8},"end":{"line":50,"column":null}},"11":{"start":{"line":33,"column":4},"end":{"line":33,"column":null}},"12":{"start":{"line":33,"column":22},"end":{"line":33,"column":null}},"13":{"start":{"line":35,"column":20},"end":{"line":35,"column":null}},"14":{"start":{"line":36,"column":20},"end":{"line":36,"column":null}},"15":{"start":{"line":37,"column":4},"end":{"line":37,"column":null}},"16":{"start":{"line":38,"column":4},"end":{"line":38,"column":null}},"17":{"start":{"line":39,"column":4},"end":{"line":39,"column":null}},"18":{"start":{"line":42,"column":4},"end":{"line":49,"column":null}},"19":{"start":{"line":43,"column":12},"end":{"line":43,"column":null}},"20":{"start":{"line":44,"column":23},"end":{"line":44,"column":null}},"21":{"start":{"line":45,"column":24},"end":{"line":45,"column":null}},"22":{"start":{"line":46,"column":6},"end":{"line":46,"column":null}},"23":{"start":{"line":47,"column":6},"end":{"line":47,"column":null}},"24":{"start":{"line":48,"column":6},"end":{"line":48,"column":null}},"25":{"start":{"line":52,"column":8},"end":{"line":55,"column":null}},"26":{"start":{"line":53,"column":4},"end":{"line":53,"column":null}},"27":{"start":{"line":54,"column":4},"end":{"line":54,"column":null}},"28":{"start":{"line":58,"column":8},"end":{"line":66,"column":null}},"29":{"start":{"line":59,"column":4},"end":{"line":65,"column":null}},"30":{"start":{"line":60,"column":21},"end":{"line":63,"column":null}},"31":{"start":{"line":64,"column":6},"end":{"line":64,"column":null}},"32":{"start":{"line":68,"column":2},"end":{"line":158,"column":null}},"33":{"start":{"line":79,"column":10},"end":{"line":103,"column":null}},"34":{"start":{"line":128,"column":10},"end":{"line":134,"column":null}},"35":{"start":{"line":130,"column":27},"end":{"line":130,"column":null}},"36":{"start":{"line":144,"column":27},"end":{"line":144,"column":null}}},"fnMap":{"0":{"name":"CoachPage","decl":{"start":{"line":16,"column":24},"end":{"line":16,"column":36}},"loc":{"start":{"line":16,"column":36},"end":{"line":160,"column":null}},"line":16},"1":{"name":"(anonymous_1)","decl":{"start":{"line":17,"column":34},"end":{"line":17,"column":49}},"loc":{"start":{"line":17,"column":49},"end":{"line":22,"column":3}},"line":17},"2":{"name":"(anonymous_2)","decl":{"start":{"line":28,"column":2},"end":{"line":28,"column":18}},"loc":{"start":{"line":28,"column":18},"end":{"line":30,"column":5}},"line":28},"3":{"name":"(anonymous_3)","decl":{"start":{"line":32,"column":8},"end":{"line":32,"column":23}},"loc":{"start":{"line":32,"column":32},"end":{"line":50,"column":null}},"line":32},"4":{"name":"(anonymous_4)","decl":{"start":{"line":42,"column":4},"end":{"line":42,"column":21}},"loc":{"start":{"line":42,"column":21},"end":{"line":49,"column":7}},"line":42},"5":{"name":"(anonymous_5)","decl":{"start":{"line":52,"column":8},"end":{"line":52,"column":24}},"loc":{"start":{"line":52,"column":30},"end":{"line":55,"column":null}},"line":52},"6":{"name":"(anonymous_6)","decl":{"start":{"line":58,"column":8},"end":{"line":58,"column":22}},"loc":{"start":{"line":58,"column":31},"end":{"line":66,"column":null}},"line":58},"7":{"name":"(anonymous_7)","decl":{"start":{"line":59,"column":28},"end":{"line":59,"column":33}},"loc":{"start":{"line":59,"column":45},"end":{"line":65,"column":5}},"line":59},"8":{"name":"(anonymous_8)","decl":{"start":{"line":78,"column":18},"end":{"line":78,"column":23}},"loc":{"start":{"line":79,"column":10},"end":{"line":103,"column":null}},"line":79},"9":{"name":"(anonymous_9)","decl":{"start":{"line":127,"column":21},"end":{"line":127,"column":26}},"loc":{"start":{"line":128,"column":10},"end":{"line":134,"column":null}},"line":128},"10":{"name":"(anonymous_10)","decl":{"start":{"line":130,"column":12},"end":{"line":130,"column":27}},"loc":{"start":{"line":130,"column":27},"end":{"line":130,"column":null}},"line":130},"11":{"name":"(anonymous_11)","decl":{"start":{"line":144,"column":10},"end":{"line":144,"column":21}},"loc":{"start":{"line":144,"column":27},"end":{"line":144,"column":null}},"line":144}},"branchMap":{"0":{"loc":{"start":{"line":19,"column":11},"end":{"line":21,"column":null}},"type":"cond-expr","locations":[{"start":{"line":19,"column":30},"end":{"line":19,"column":38}},{"start":{"line":19,"column":38},"end":{"line":21,"column":null}}],"line":19},"1":{"loc":{"start":{"line":33,"column":4},"end":{"line":33,"column":null}},"type":"if","locations":[{"start":{"line":33,"column":4},"end":{"line":33,"column":null}},{"start":{},"end":{}}],"line":33},"2":{"loc":{"start":{"line":84,"column":31},"end":{"line":84,"column":null}},"type":"cond-expr","locations":[{"start":{"line":84,"column":53},"end":{"line":84,"column":69}},{"start":{"line":84,"column":69},"end":{"line":84,"column":null}}],"line":84},"3":{"loc":{"start":{"line":87,"column":14},"end":{"line":89,"column":null}},"type":"cond-expr","locations":[{"start":{"line":88,"column":18},"end":{"line":88,"column":null}},{"start":{"line":89,"column":18},"end":{"line":89,"column":null}}],"line":87},"4":{"loc":{"start":{"line":91,"column":15},"end":{"line":99,"column":15}},"type":"binary-expr","locations":[{"start":{"line":91,"column":15},"end":{"line":91,"column":null}},{"start":{"line":92,"column":16},"end":{"line":99,"column":15}}],"line":91},"5":{"loc":{"start":{"line":106,"column":9},"end":{"line":120,"column":null}},"type":"binary-expr","locations":[{"start":{"line":106,"column":9},"end":{"line":106,"column":null}},{"start":{"line":107,"column":10},"end":{"line":120,"column":null}}],"line":106}},"s":{"0":1,"1":7,"2":3,"3":3,"4":7,"5":7,"6":7,"7":7,"8":7,"9":6,"10":7,"11":2,"12":0,"13":2,"14":2,"15":2,"16":2,"17":2,"18":2,"19":1,"20":1,"21":1,"22":1,"23":1,"24":1,"25":7,"26":1,"27":1,"28":7,"29":11,"30":20,"31":20,"32":7,"33":11,"34":42,"35":1,"36":1},"f":{"0":7,"1":3,"2":6,"3":2,"4":1,"5":1,"6":11,"7":20,"8":11,"9":42,"10":1,"11":1},"b":{"0":[0,3],"1":[0,2],"2":[3,8],"3":[3,8],"4":[11,8],"5":[7,2]},"meta":{"lastBranch":6,"lastFunction":12,"lastStatement":37,"seen":{"s:7:20:14:Infinity":0,"f:16:24:16:36":0,"s:17:19:22:Infinity":1,"f:17:34:17:49":1,"s:18:10:18:Infinity":2,"s:19:4:21:Infinity":3,"b:19:30:19:38:19:38:21:Infinity":0,"s:23:16:23:Infinity":4,"s:24:19:24:Infinity":5,"s:25:8:25:Infinity":6,"s:26:8:26:Infinity":7,"s:28:2:30:Infinity":8,"f:28:2:28:18":2,"s:29:4:29:Infinity":9,"s:32:8:50:Infinity":10,"f:32:8:32:23":3,"b:33:4:33:Infinity:undefined:undefined:undefined:undefined":1,"s:33:4:33:Infinity":11,"s:33:22:33:Infinity":12,"s:35:20:35:Infinity":13,"s:36:20:36:Infinity":14,"s:37:4:37:Infinity":15,"s:38:4:38:Infinity":16,"s:39:4:39:Infinity":17,"s:42:4:49:Infinity":18,"f:42:4:42:21":4,"s:43:12:43:Infinity":19,"s:44:23:44:Infinity":20,"s:45:24:45:Infinity":21,"s:46:6:46:Infinity":22,"s:47:6:47:Infinity":23,"s:48:6:48:Infinity":24,"s:52:8:55:Infinity":25,"f:52:8:52:24":5,"s:53:4:53:Infinity":26,"s:54:4:54:Infinity":27,"s:58:8:66:Infinity":28,"f:58:8:58:22":6,"s:59:4:65:Infinity":29,"f:59:28:59:33":7,"s:60:21:63:Infinity":30,"s:64:6:64:Infinity":31,"s:68:2:158:Infinity":32,"f:78:18:78:23":8,"s:79:10:103:Infinity":33,"b:84:53:84:69:84:69:84:Infinity":2,"b:88:18:88:Infinity:89:18:89:Infinity":3,"b:91:15:91:Infinity:92:16:99:15":4,"b:106:9:106:Infinity:107:10:120:Infinity":5,"f:127:21:127:26":9,"s:128:10:134:Infinity":34,"f:130:12:130:27":10,"s:130:27:130:Infinity":35,"f:144:10:144:21":11,"s:144:27:144:Infinity":36},"fnNames":{}}}
,"C:\\Users\\satya\\projects\\yntro\\src\\pages\\DashboardPage.jsx": {"path":"C:\\Users\\satya\\projects\\yntro\\src\\pages\\DashboardPage.jsx","statementMap":{"0":{"start":{"line":12,"column":15},"end":{"line":18,"column":null}},"1":{"start":{"line":14,"column":19},"end":{"line":17,"column":null}},"2":{"start":{"line":21,"column":18},"end":{"line":21,"column":null}},"3":{"start":{"line":22,"column":26},"end":{"line":22,"column":null}},"4":{"start":{"line":23,"column":22},"end":{"line":23,"column":null}},"5":{"start":{"line":24,"column":26},"end":{"line":24,"column":null}},"6":{"start":{"line":25,"column":16},"end":{"line":25,"column":null}},"7":{"start":{"line":26,"column":28},"end":{"line":26,"column":null}},"8":{"start":{"line":27,"column":20},"end":{"line":27,"column":null}},"9":{"start":{"line":29,"column":2},"end":{"line":44,"column":null}},"10":{"start":{"line":30,"column":10},"end":{"line":30,"column":null}},"11":{"start":{"line":31,"column":4},"end":{"line":31,"column":null}},"12":{"start":{"line":32,"column":4},"end":{"line":32,"column":null}},"13":{"start":{"line":33,"column":4},"end":{"line":33,"column":null}},"14":{"start":{"line":34,"column":4},"end":{"line":34,"column":null}},"15":{"start":{"line":36,"column":4},"end":{"line":43,"column":null}},"16":{"start":{"line":37,"column":21},"end":{"line":37,"column":null}},"17":{"start":{"line":38,"column":12},"end":{"line":38,"column":null}},"18":{"start":{"line":39,"column":12},"end":{"line":39,"column":null}},"19":{"start":{"line":40,"column":6},"end":{"line":40,"column":null}},"20":{"start":{"line":41,"column":6},"end":{"line":41,"column":null}},"21":{"start":{"line":42,"column":6},"end":{"line":42,"column":null}},"22":{"start":{"line":46,"column":18},"end":{"line":50,"column":null}},"23":{"start":{"line":48,"column":25},"end":{"line":48,"column":30}},"24":{"start":{"line":49,"column":30},"end":{"line":49,"column":97}},"25":{"start":{"line":52,"column":20},"end":{"line":55,"column":null}},"26":{"start":{"line":52,"column":58},"end":{"line":55,"column":4}},"27":{"start":{"line":57,"column":8},"end":{"line":61,"column":null}},"28":{"start":{"line":63,"column":2},"end":{"line":292,"column":null}},"29":{"start":{"line":105,"column":10},"end":{"line":121,"column":null}},"30":{"start":{"line":167,"column":22},"end":{"line":167,"column":null}},"31":{"start":{"line":173,"column":38},"end":{"line":173,"column":null}},"32":{"start":{"line":179,"column":18},"end":{"line":185,"column":null}},"33":{"start":{"line":214,"column":36},"end":{"line":214,"column":null}},"34":{"start":{"line":234,"column":14},"end":{"line":239,"column":null}},"35":{"start":{"line":254,"column":27},"end":{"line":254,"column":null}},"36":{"start":{"line":255,"column":12},"end":{"line":266,"column":null}}},"fnMap":{"0":{"name":"(anonymous_0)","decl":{"start":{"line":14,"column":2},"end":{"line":14,"column":12}},"loc":{"start":{"line":14,"column":19},"end":{"line":17,"column":null}},"line":14},"1":{"name":"DashboardPage","decl":{"start":{"line":20,"column":24},"end":{"line":20,"column":38}},"loc":{"start":{"line":20,"column":66},"end":{"line":294,"column":null}},"line":20},"2":{"name":"(anonymous_2)","decl":{"start":{"line":29,"column":2},"end":{"line":29,"column":18}},"loc":{"start":{"line":29,"column":18},"end":{"line":44,"column":5}},"line":29},"3":{"name":"(anonymous_3)","decl":{"start":{"line":48,"column":7},"end":{"line":48,"column":15}},"loc":{"start":{"line":48,"column":25},"end":{"line":48,"column":30}},"line":48},"4":{"name":"(anonymous_4)","decl":{"start":{"line":49,"column":7},"end":{"line":49,"column":12}},"loc":{"start":{"line":49,"column":30},"end":{"line":49,"column":97}},"line":49},"5":{"name":"(anonymous_5)","decl":{"start":{"line":52,"column":39},"end":{"line":52,"column":44}},"loc":{"start":{"line":52,"column":58},"end":{"line":55,"column":4}},"line":52},"6":{"name":"(anonymous_6)","decl":{"start":{"line":104,"column":10},"end":{"line":104,"column":15}},"loc":{"start":{"line":105,"column":10},"end":{"line":121,"column":null}},"line":105},"7":{"name":"(anonymous_7)","decl":{"start":{"line":166,"column":29},"end":{"line":166,"column":34}},"loc":{"start":{"line":167,"column":22},"end":{"line":167,"column":null}},"line":167},"8":{"name":"(anonymous_8)","decl":{"start":{"line":173,"column":20},"end":{"line":173,"column":32}},"loc":{"start":{"line":173,"column":38},"end":{"line":173,"column":null}},"line":173},"9":{"name":"(anonymous_9)","decl":{"start":{"line":178,"column":25},"end":{"line":178,"column":30}},"loc":{"start":{"line":179,"column":18},"end":{"line":185,"column":null}},"line":179},"10":{"name":"(anonymous_10)","decl":{"start":{"line":214,"column":18},"end":{"line":214,"column":30}},"loc":{"start":{"line":214,"column":36},"end":{"line":214,"column":null}},"line":214},"11":{"name":"(anonymous_11)","decl":{"start":{"line":233,"column":29},"end":{"line":233,"column":34}},"loc":{"start":{"line":234,"column":14},"end":{"line":239,"column":null}},"line":234},"12":{"name":"(anonymous_12)","decl":{"start":{"line":253,"column":30},"end":{"line":253,"column":35}},"loc":{"start":{"line":253,"column":45},"end":{"line":268,"column":11}},"line":253}},"branchMap":{"0":{"loc":{"start":{"line":36,"column":4},"end":{"line":43,"column":null}},"type":"if","locations":[{"start":{"line":36,"column":4},"end":{"line":43,"column":null}},{"start":{},"end":{}}],"line":36},"1":{"loc":{"start":{"line":46,"column":18},"end":{"line":50,"column":null}},"type":"cond-expr","locations":[{"start":{"line":47,"column":6},"end":{"line":49,"column":null}},{"start":{"line":50,"column":6},"end":{"line":50,"column":null}}],"line":46},"2":{"loc":{"start":{"line":78,"column":19},"end":{"line":78,"column":null}},"type":"cond-expr","locations":[{"start":{"line":78,"column":37},"end":{"line":78,"column":59}},{"start":{"line":78,"column":59},"end":{"line":78,"column":null}}],"line":78},"3":{"loc":{"start":{"line":80,"column":19},"end":{"line":80,"column":null}},"type":"cond-expr","locations":[{"start":{"line":80,"column":60},"end":{"line":80,"column":79}},{"start":{"line":80,"column":79},"end":{"line":80,"column":null}}],"line":80},"4":{"loc":{"start":{"line":133,"column":17},"end":{"line":133,"column":null}},"type":"cond-expr","locations":[{"start":{"line":133,"column":35},"end":{"line":133,"column":123}},{"start":{"line":133,"column":123},"end":{"line":133,"column":null}}],"line":133},"5":{"loc":{"start":{"line":153,"column":11},"end":{"line":195,"column":null}},"type":"cond-expr","locations":[{"start":{"line":154,"column":12},"end":{"line":190,"column":13}},{"start":{"line":190,"column":12},"end":{"line":195,"column":null}}],"line":153},"6":{"loc":{"start":{"line":200,"column":11},"end":{"line":225,"column":null}},"type":"cond-expr","locations":[{"start":{"line":201,"column":12},"end":{"line":220,"column":13}},{"start":{"line":220,"column":12},"end":{"line":225,"column":null}}],"line":200},"7":{"loc":{"start":{"line":231,"column":9},"end":{"line":247,"column":null}},"type":"cond-expr","locations":[{"start":{"line":232,"column":10},"end":{"line":243,"column":11}},{"start":{"line":243,"column":10},"end":{"line":247,"column":null}}],"line":231},"8":{"loc":{"start":{"line":258,"column":92},"end":{"line":258,"column":null}},"type":"cond-expr","locations":[{"start":{"line":258,"column":101},"end":{"line":258,"column":138}},{"start":{"line":258,"column":138},"end":{"line":258,"column":null}}],"line":258},"9":{"loc":{"start":{"line":264,"column":19},"end":{"line":264,"column":null}},"type":"cond-expr","locations":[{"start":{"line":264,"column":28},"end":{"line":264,"column":103}},{"start":{"line":264,"column":97},"end":{"line":264,"column":null}}],"line":264}},"s":{"0":1,"1":66,"2":5,"3":5,"4":5,"5":5,"6":5,"7":5,"8":5,"9":5,"10":2,"11":2,"12":2,"13":2,"14":2,"15":2,"16":1,"17":1,"18":1,"19":1,"20":1,"21":1,"22":5,"23":6,"24":2,"25":5,"26":2,"27":5,"28":5,"29":16,"30":2,"31":0,"32":2,"33":0,"34":3,"35":20,"36":20},"f":{"0":66,"1":5,"2":2,"3":6,"4":2,"5":2,"6":16,"7":2,"8":0,"9":2,"10":0,"11":3,"12":20},"b":{"0":[1,1],"1":[1,3],"2":[1,3],"3":[0,4],"4":[4,0],"5":[1,3],"6":[1,3],"7":[1,3],"8":[0,20],"9":[0,20]},"meta":{"lastBranch":10,"lastFunction":13,"lastStatement":37,"seen":{"s:12:15:18:Infinity":0,"f:14:2:14:12":0,"s:14:19:17:Infinity":1,"f:20:24:20:38":1,"s:21:18:21:Infinity":2,"s:22:26:22:Infinity":3,"s:23:22:23:Infinity":4,"s:24:26:24:Infinity":5,"s:25:16:25:Infinity":6,"s:26:28:26:Infinity":7,"s:27:20:27:Infinity":8,"s:29:2:44:Infinity":9,"f:29:2:29:18":2,"s:30:10:30:Infinity":10,"s:31:4:31:Infinity":11,"s:32:4:32:Infinity":12,"s:33:4:33:Infinity":13,"s:34:4:34:Infinity":14,"b:36:4:43:Infinity:undefined:undefined:undefined:undefined":0,"s:36:4:43:Infinity":15,"s:37:21:37:Infinity":16,"s:38:12:38:Infinity":17,"s:39:12:39:Infinity":18,"s:40:6:40:Infinity":19,"s:41:6:41:Infinity":20,"s:42:6:42:Infinity":21,"s:46:18:50:Infinity":22,"b:47:6:49:Infinity:50:6:50:Infinity":1,"f:48:7:48:15":3,"s:48:25:48:30":23,"f:49:7:49:12":4,"s:49:30:49:97":24,"s:52:20:55:Infinity":25,"f:52:39:52:44":5,"s:52:58:55:4":26,"s:57:8:61:Infinity":27,"s:63:2:292:Infinity":28,"b:78:37:78:59:78:59:78:Infinity":2,"b:80:60:80:79:80:79:80:Infinity":3,"f:104:10:104:15":6,"s:105:10:121:Infinity":29,"b:133:35:133:123:133:123:133:Infinity":4,"b:154:12:190:13:190:12:195:Infinity":5,"f:166:29:166:34":7,"s:167:22:167:Infinity":30,"f:173:20:173:32":8,"s:173:38:173:Infinity":31,"f:178:25:178:30":9,"s:179:18:185:Infinity":32,"b:201:12:220:13:220:12:225:Infinity":6,"f:214:18:214:30":10,"s:214:36:214:Infinity":33,"b:232:10:243:11:243:10:247:Infinity":7,"f:233:29:233:34":11,"s:234:14:239:Infinity":34,"f:253:30:253:35":12,"s:254:27:254:Infinity":35,"s:255:12:266:Infinity":36,"b:258:101:258:138:258:138:258:Infinity":8,"b:264:28:264:103:264:97:264:Infinity":9},"fnNames":{}}}
,"C:\\Users\\satya\\projects\\yntro\\src\\pages\\MissionsPage.jsx": {"path":"C:\\Users\\satya\\projects\\yntro\\src\\pages\\MissionsPage.jsx","statementMap":{"0":{"start":{"line":7,"column":28},"end":{"line":7,"column":null}},"1":{"start":{"line":8,"column":14},"end":{"line":8,"column":null}},"2":{"start":{"line":9,"column":23},"end":{"line":9,"column":null}},"3":{"start":{"line":11,"column":23},"end":{"line":11,"column":null}},"4":{"start":{"line":11,"column":50},"end":{"line":11,"column":54}},"5":{"start":{"line":12,"column":28},"end":{"line":12,"column":null}},"6":{"start":{"line":12,"column":49},"end":{"line":12,"column":77}},"7":{"start":{"line":13,"column":23},"end":{"line":13,"column":null}},"8":{"start":{"line":13,"column":44},"end":{"line":13,"column":71}},"9":{"start":{"line":14,"column":8},"end":{"line":14,"column":null}},"10":{"start":{"line":16,"column":8},"end":{"line":16,"column":null}},"11":{"start":{"line":17,"column":8},"end":{"line":21,"column":null}},"12":{"start":{"line":23,"column":8},"end":{"line":32,"column":null}},"13":{"start":{"line":24,"column":10},"end":{"line":24,"column":null}},"14":{"start":{"line":25,"column":4},"end":{"line":25,"column":null}},"15":{"start":{"line":26,"column":4},"end":{"line":29,"column":null}},"16":{"start":{"line":30,"column":4},"end":{"line":30,"column":null}},"17":{"start":{"line":31,"column":4},"end":{"line":31,"column":null}},"18":{"start":{"line":31,"column":21},"end":{"line":31,"column":44}},"19":{"start":{"line":34,"column":26},"end":{"line":38,"column":null}},"20":{"start":{"line":40,"column":2},"end":{"line":212,"column":null}},"21":{"start":{"line":89,"column":25},"end":{"line":89,"column":null}},"22":{"start":{"line":96,"column":25},"end":{"line":96,"column":null}},"23":{"start":{"line":103,"column":25},"end":{"line":103,"column":null}},"24":{"start":{"line":115,"column":12},"end":{"line":154,"column":null}},"25":{"start":{"line":145,"column":35},"end":{"line":145,"column":null}},"26":{"start":{"line":169,"column":27},"end":{"line":169,"column":null}},"27":{"start":{"line":170,"column":12},"end":{"line":185,"column":null}},"28":{"start":{"line":198,"column":16},"end":{"line":206,"column":null}}},"fnMap":{"0":{"name":"MissionsPage","decl":{"start":{"line":6,"column":24},"end":{"line":6,"column":37}},"loc":{"start":{"line":6,"column":65},"end":{"line":214,"column":null}},"line":6},"1":{"name":"(anonymous_1)","decl":{"start":{"line":11,"column":41},"end":{"line":11,"column":45}},"loc":{"start":{"line":11,"column":50},"end":{"line":11,"column":54}},"line":11},"2":{"name":"(anonymous_2)","decl":{"start":{"line":12,"column":37},"end":{"line":12,"column":44}},"loc":{"start":{"line":12,"column":49},"end":{"line":12,"column":77}},"line":12},"3":{"name":"(anonymous_3)","decl":{"start":{"line":13,"column":32},"end":{"line":13,"column":39}},"loc":{"start":{"line":13,"column":44},"end":{"line":13,"column":71}},"line":13},"4":{"name":"(anonymous_4)","decl":{"start":{"line":23,"column":8},"end":{"line":23,"column":27}},"loc":{"start":{"line":23,"column":39},"end":{"line":32,"column":null}},"line":23},"5":{"name":"(anonymous_5)","decl":{"start":{"line":31,"column":4},"end":{"line":31,"column":21}},"loc":{"start":{"line":31,"column":21},"end":{"line":31,"column":44}},"line":31},"6":{"name":"(anonymous_6)","decl":{"start":{"line":89,"column":10},"end":{"line":89,"column":25}},"loc":{"start":{"line":89,"column":25},"end":{"line":89,"column":null}},"line":89},"7":{"name":"(anonymous_7)","decl":{"start":{"line":96,"column":10},"end":{"line":96,"column":25}},"loc":{"start":{"line":96,"column":25},"end":{"line":96,"column":null}},"line":96},"8":{"name":"(anonymous_8)","decl":{"start":{"line":103,"column":10},"end":{"line":103,"column":25}},"loc":{"start":{"line":103,"column":25},"end":{"line":103,"column":null}},"line":103},"9":{"name":"(anonymous_9)","decl":{"start":{"line":114,"column":68},"end":{"line":114,"column":73}},"loc":{"start":{"line":115,"column":12},"end":{"line":154,"column":null}},"line":115},"10":{"name":"(anonymous_10)","decl":{"start":{"line":145,"column":20},"end":{"line":145,"column":35}},"loc":{"start":{"line":145,"column":35},"end":{"line":145,"column":null}},"line":145},"11":{"name":"(anonymous_11)","decl":{"start":{"line":168,"column":18},"end":{"line":168,"column":23}},"loc":{"start":{"line":168,"column":36},"end":{"line":187,"column":11}},"line":168},"12":{"name":"(anonymous_12)","decl":{"start":{"line":197,"column":26},"end":{"line":197,"column":31}},"loc":{"start":{"line":198,"column":16},"end":{"line":206,"column":null}},"line":198}},"branchMap":{"0":{"loc":{"start":{"line":72,"column":37},"end":{"line":72,"column":75}},"type":"binary-expr","locations":[{"start":{"line":72,"column":37},"end":{"line":72,"column":63}},{"start":{"line":72,"column":63},"end":{"line":72,"column":75}}],"line":72},"1":{"loc":{"start":{"line":90,"column":80},"end":{"line":90,"column":null}},"type":"cond-expr","locations":[{"start":{"line":90,"column":102},"end":{"line":90,"column":141}},{"start":{"line":90,"column":141},"end":{"line":90,"column":null}}],"line":90},"2":{"loc":{"start":{"line":97,"column":80},"end":{"line":97,"column":null}},"type":"cond-expr","locations":[{"start":{"line":97,"column":102},"end":{"line":97,"column":141}},{"start":{"line":97,"column":141},"end":{"line":97,"column":null}}],"line":97},"3":{"loc":{"start":{"line":104,"column":80},"end":{"line":104,"column":null}},"type":"cond-expr","locations":[{"start":{"line":104,"column":99},"end":{"line":104,"column":138}},{"start":{"line":104,"column":138},"end":{"line":104,"column":null}}],"line":104},"4":{"loc":{"start":{"line":112,"column":7},"end":{"line":162,"column":null}},"type":"binary-expr","locations":[{"start":{"line":112,"column":7},"end":{"line":112,"column":null}},{"start":{"line":113,"column":8},"end":{"line":162,"column":null}}],"line":112},"5":{"loc":{"start":{"line":114,"column":12},"end":{"line":114,"column":68}},"type":"cond-expr","locations":[{"start":{"line":114,"column":34},"end":{"line":114,"column":54}},{"start":{"line":114,"column":54},"end":{"line":114,"column":68}}],"line":114},"6":{"loc":{"start":{"line":120,"column":131},"end":{"line":120,"column":null}},"type":"cond-expr","locations":[{"start":{"line":120,"column":161},"end":{"line":120,"column":176}},{"start":{"line":120,"column":176},"end":{"line":120,"column":null}}],"line":120},"7":{"loc":{"start":{"line":123,"column":15},"end":{"line":131,"column":null}},"type":"binary-expr","locations":[{"start":{"line":123,"column":15},"end":{"line":123,"column":null}},{"start":{"line":124,"column":16},"end":{"line":131,"column":null}}],"line":123},"8":{"loc":{"start":{"line":143,"column":17},"end":{"line":153,"column":null}},"type":"cond-expr","locations":[{"start":{"line":144,"column":18},"end":{"line":151,"column":19}},{"start":{"line":151,"column":18},"end":{"line":153,"column":null}}],"line":143},"9":{"loc":{"start":{"line":155,"column":11},"end":{"line":162,"column":null}},"type":"binary-expr","locations":[{"start":{"line":155,"column":11},"end":{"line":156,"column":null}},{"start":{"line":157,"column":12},"end":{"line":162,"column":null}}],"line":155},"10":{"loc":{"start":{"line":156,"column":12},"end":{"line":156,"column":68}},"type":"cond-expr","locations":[{"start":{"line":156,"column":34},"end":{"line":156,"column":54}},{"start":{"line":156,"column":54},"end":{"line":156,"column":68}}],"line":156},"11":{"loc":{"start":{"line":158,"column":44},"end":{"line":158,"column":81}},"type":"cond-expr","locations":[{"start":{"line":158,"column":66},"end":{"line":158,"column":73}},{"start":{"line":158,"column":73},"end":{"line":158,"column":81}}],"line":158},"12":{"loc":{"start":{"line":159,"column":44},"end":{"line":159,"column":161}},"type":"cond-expr","locations":[{"start":{"line":159,"column":66},"end":{"line":159,"column":105}},{"start":{"line":159,"column":105},"end":{"line":159,"column":161}}],"line":159},"13":{"loc":{"start":{"line":166,"column":7},"end":{"line":188,"column":null}},"type":"binary-expr","locations":[{"start":{"line":166,"column":7},"end":{"line":166,"column":null}},{"start":{"line":167,"column":8},"end":{"line":188,"column":null}}],"line":166},"14":{"loc":{"start":{"line":176,"column":92},"end":{"line":176,"column":null}},"type":"cond-expr","locations":[{"start":{"line":176,"column":101},"end":{"line":176,"column":138}},{"start":{"line":176,"column":138},"end":{"line":176,"column":null}}],"line":176},"15":{"loc":{"start":{"line":183,"column":19},"end":{"line":183,"column":null}},"type":"cond-expr","locations":[{"start":{"line":183,"column":28},"end":{"line":183,"column":42}},{"start":{"line":183,"column":42},"end":{"line":183,"column":null}}],"line":183},"16":{"loc":{"start":{"line":192,"column":7},"end":{"line":210,"column":null}},"type":"binary-expr","locations":[{"start":{"line":192,"column":7},"end":{"line":192,"column":null}},{"start":{"line":193,"column":8},"end":{"line":210,"column":null}}],"line":192},"17":{"loc":{"start":{"line":200,"column":74},"end":{"line":200,"column":null}},"type":"cond-expr","locations":[{"start":{"line":200,"column":101},"end":{"line":200,"column":152}},{"start":{"line":200,"column":152},"end":{"line":200,"column":null}}],"line":200}},"s":{"0":7,"1":7,"2":7,"3":7,"4":3,"5":7,"6":105,"7":7,"8":105,"9":7,"10":7,"11":7,"12":7,"13":1,"14":1,"15":1,"16":1,"17":1,"18":0,"19":7,"20":7,"21":0,"22":1,"23":1,"24":74,"25":1,"26":10,"27":10,"28":10},"f":{"0":7,"1":3,"2":105,"3":105,"4":1,"5":0,"6":0,"7":1,"8":1,"9":74,"10":1,"11":10,"12":10},"b":{"0":[7,0],"1":[5,2],"2":[1,6],"3":[1,6],"4":[7,6],"5":[5,1],"6":[0,74],"7":[74,0],"8":[73,1],"9":[6,0],"10":[5,1],"11":[0,0],"12":[0,0],"13":[7,1],"14":[0,10],"15":[0,10],"16":[7,1],"17":[2,8]},"meta":{"lastBranch":18,"lastFunction":13,"lastStatement":29,"seen":{"f:6:24:6:37":0,"s:7:28:7:Infinity":0,"s:8:14:8:Infinity":1,"s:9:23:9:Infinity":2,"s:11:23:11:Infinity":3,"f:11:41:11:45":1,"s:11:50:11:54":4,"s:12:28:12:Infinity":5,"f:12:37:12:44":2,"s:12:49:12:77":6,"s:13:23:13:Infinity":7,"f:13:32:13:39":3,"s:13:44:13:71":8,"s:14:8:14:Infinity":9,"s:16:8:16:Infinity":10,"s:17:8:21:Infinity":11,"s:23:8:32:Infinity":12,"f:23:8:23:27":4,"s:24:10:24:Infinity":13,"s:25:4:25:Infinity":14,"s:26:4:29:Infinity":15,"s:30:4:30:Infinity":16,"s:31:4:31:Infinity":17,"f:31:4:31:21":5,"s:31:21:31:44":18,"s:34:26:38:Infinity":19,"s:40:2:212:Infinity":20,"b:72:37:72:63:72:63:72:75":0,"f:89:10:89:25":6,"s:89:25:89:Infinity":21,"b:90:102:90:141:90:141:90:Infinity":1,"f:96:10:96:25":7,"s:96:25:96:Infinity":22,"b:97:102:97:141:97:141:97:Infinity":2,"f:103:10:103:25":8,"s:103:25:103:Infinity":23,"b:104:99:104:138:104:138:104:Infinity":3,"b:112:7:112:Infinity:113:8:162:Infinity":4,"b:114:34:114:54:114:54:114:68":5,"f:114:68:114:73":9,"s:115:12:154:Infinity":24,"b:120:161:120:176:120:176:120:Infinity":6,"b:123:15:123:Infinity:124:16:131:Infinity":7,"b:144:18:151:19:151:18:153:Infinity":8,"f:145:20:145:35":10,"s:145:35:145:Infinity":25,"b:155:11:156:Infinity:157:12:162:Infinity":9,"b:156:34:156:54:156:54:156:68":10,"b:158:66:158:73:158:73:158:81":11,"b:159:66:159:105:159:105:159:161":12,"b:166:7:166:Infinity:167:8:188:Infinity":13,"f:168:18:168:23":11,"s:169:27:169:Infinity":26,"s:170:12:185:Infinity":27,"b:176:101:176:138:176:138:176:Infinity":14,"b:183:28:183:42:183:42:183:Infinity":15,"b:192:7:192:Infinity:193:8:210:Infinity":16,"f:197:26:197:31":12,"s:198:16:206:Infinity":28,"b:200:101:200:152:200:152:200:Infinity":17},"fnNames":{}}}
,"C:\\Users\\satya\\projects\\yntro\\src\\utils\\carbonEngine.js": {"path":"C:\\Users\\satya\\projects\\yntro\\src\\utils\\carbonEngine.js","statementMap":{"0":{"start":{"line":2,"column":32},"end":{"line":48,"column":1}},"1":{"start":{"line":52,"column":17},"end":{"line":52,"column":51}},"2":{"start":{"line":53,"column":2},"end":{"line":53,"column":null}},"3":{"start":{"line":53,"column":15},"end":{"line":53,"column":null}},"4":{"start":{"line":54,"column":2},"end":{"line":54,"column":null}},"5":{"start":{"line":59,"column":14},"end":{"line":59,"column":15}},"6":{"start":{"line":60,"column":2},"end":{"line":68,"column":null}},"7":{"start":{"line":61,"column":4},"end":{"line":61,"column":null}},"8":{"start":{"line":61,"column":50},"end":{"line":61,"column":null}},"9":{"start":{"line":62,"column":25},"end":{"line":62,"column":40}},"10":{"start":{"line":63,"column":4},"end":{"line":67,"column":null}},"11":{"start":{"line":64,"column":6},"end":{"line":66,"column":null}},"12":{"start":{"line":65,"column":8},"end":{"line":65,"column":null}},"13":{"start":{"line":69,"column":2},"end":{"line":69,"column":null}},"14":{"start":{"line":74,"column":20},"end":{"line":74,"column":22}},"15":{"start":{"line":75,"column":2},"end":{"line":84,"column":null}},"16":{"start":{"line":76,"column":24},"end":{"line":76,"column":25}},"17":{"start":{"line":77,"column":25},"end":{"line":77,"column":40}},"18":{"start":{"line":78,"column":4},"end":{"line":82,"column":null}},"19":{"start":{"line":79,"column":6},"end":{"line":81,"column":null}},"20":{"start":{"line":80,"column":8},"end":{"line":80,"column":null}},"21":{"start":{"line":83,"column":4},"end":{"line":83,"column":null}},"22":{"start":{"line":85,"column":2},"end":{"line":85,"column":null}},"23":{"start":{"line":89,"column":26},"end":{"line":96,"column":1}},"24":{"start":{"line":99,"column":31},"end":{"line":106,"column":1}},"25":{"start":{"line":108,"column":31},"end":{"line":115,"column":1}}},"fnMap":{"0":{"name":"calculateEmission","decl":{"start":{"line":51,"column":16},"end":{"line":51,"column":33}},"loc":{"start":{"line":51,"column":58},"end":{"line":55,"column":null}},"line":51},"1":{"name":"calculateTotalFootprint","decl":{"start":{"line":58,"column":16},"end":{"line":58,"column":39}},"loc":{"start":{"line":58,"column":47},"end":{"line":70,"column":null}},"line":58},"2":{"name":"getCategoryBreakdown","decl":{"start":{"line":73,"column":16},"end":{"line":73,"column":36}},"loc":{"start":{"line":73,"column":44},"end":{"line":86,"column":null}},"line":73}},"branchMap":{"0":{"loc":{"start":{"line":53,"column":2},"end":{"line":53,"column":null}},"type":"if","locations":[{"start":{"line":53,"column":2},"end":{"line":53,"column":null}},{"start":{},"end":{}}],"line":53},"1":{"loc":{"start":{"line":61,"column":4},"end":{"line":61,"column":null}},"type":"if","locations":[{"start":{"line":61,"column":4},"end":{"line":61,"column":null}},{"start":{},"end":{}}],"line":61},"2":{"loc":{"start":{"line":61,"column":8},"end":{"line":61,"column":48}},"type":"binary-expr","locations":[{"start":{"line":61,"column":8},"end":{"line":61,"column":27}},{"start":{"line":61,"column":31},"end":{"line":61,"column":48}}],"line":61},"3":{"loc":{"start":{"line":63,"column":4},"end":{"line":67,"column":null}},"type":"if","locations":[{"start":{"line":63,"column":4},"end":{"line":67,"column":null}},{"start":{},"end":{}}],"line":63},"4":{"loc":{"start":{"line":78,"column":4},"end":{"line":82,"column":null}},"type":"if","locations":[{"start":{"line":78,"column":4},"end":{"line":82,"column":null}},{"start":{},"end":{}}],"line":78},"5":{"loc":{"start":{"line":78,"column":8},"end":{"line":78,"column":56}},"type":"binary-expr","locations":[{"start":{"line":78,"column":8},"end":{"line":78,"column":20}},{"start":{"line":78,"column":24},"end":{"line":78,"column":56}}],"line":78}},"s":{"0":3,"1":22,"2":22,"3":2,"4":20,"5":8,"6":8,"7":27,"8":5,"9":22,"10":22,"11":21,"12":12,"13":8,"14":3,"15":3,"16":18,"17":18,"18":18,"19":10,"20":5,"21":18,"22":3,"23":3,"24":3,"25":3},"f":{"0":22,"1":8,"2":3},"b":{"0":[2,20],"1":[5,22],"2":[27,23],"3":[21,1],"4":[10,8],"5":[18,10]},"meta":{"lastBranch":6,"lastFunction":3,"lastStatement":26,"seen":{"s:2:32:48:1":0,"f:51:16:51:33":0,"s:52:17:52:51":1,"b:53:2:53:Infinity:undefined:undefined:undefined:undefined":0,"s:53:2:53:Infinity":2,"s:53:15:53:Infinity":3,"s:54:2:54:Infinity":4,"f:58:16:58:39":1,"s:59:14:59:15":5,"s:60:2:68:Infinity":6,"b:61:4:61:Infinity:undefined:undefined:undefined:undefined":1,"s:61:4:61:Infinity":7,"b:61:8:61:27:61:31:61:48":2,"s:61:50:61:Infinity":8,"s:62:25:62:40":9,"b:63:4:67:Infinity:undefined:undefined:undefined:undefined":3,"s:63:4:67:Infinity":10,"s:64:6:66:Infinity":11,"s:65:8:65:Infinity":12,"s:69:2:69:Infinity":13,"f:73:16:73:36":2,"s:74:20:74:22":14,"s:75:2:84:Infinity":15,"s:76:24:76:25":16,"s:77:25:77:40":17,"b:78:4:82:Infinity:undefined:undefined:undefined:undefined":4,"s:78:4:82:Infinity":18,"b:78:8:78:20:78:24:78:56":5,"s:79:6:81:Infinity":19,"s:80:8:80:Infinity":20,"s:83:4:83:Infinity":21,"s:85:2:85:Infinity":22,"s:89:26:96:1":23,"s:99:31:106:1":24,"s:108:31:115:1":25},"fnNames":{}}}
,"C:\\Users\\satya\\projects\\yntro\\src\\utils\\gamification.js": {"path":"C:\\Users\\satya\\projects\\yntro\\src\\utils\\gamification.js","statementMap":{"0":{"start":{"line":3,"column":24},"end":{"line":139,"column":1}},"1":{"start":{"line":141,"column":22},"end":{"line":152,"column":1}},"2":{"start":{"line":155,"column":26},"end":{"line":166,"column":1}},"3":{"start":{"line":169,"column":16},"end":{"line":169,"column":29}},"4":{"start":{"line":170,"column":2},"end":{"line":176,"column":null}},"5":{"start":{"line":171,"column":4},"end":{"line":175,"column":null}},"6":{"start":{"line":172,"column":6},"end":{"line":172,"column":null}},"7":{"start":{"line":174,"column":6},"end":{"line":174,"column":null}},"8":{"start":{"line":177,"column":20},"end":{"line":177,"column":54}},"9":{"start":{"line":177,"column":41},"end":{"line":177,"column":53}},"10":{"start":{"line":178,"column":19},"end":{"line":180,"column":9}},"11":{"start":{"line":181,"column":2},"end":{"line":181,"column":null}},"12":{"start":{"line":185,"column":17},"end":{"line":185,"column":19}},"13":{"start":{"line":187,"column":2},"end":{"line":187,"column":null}},"14":{"start":{"line":187,"column":33},"end":{"line":187,"column":null}},"15":{"start":{"line":188,"column":2},"end":{"line":188,"column":null}},"16":{"start":{"line":188,"column":28},"end":{"line":188,"column":null}},"17":{"start":{"line":189,"column":2},"end":{"line":189,"column":null}},"18":{"start":{"line":189,"column":39},"end":{"line":189,"column":null}},"19":{"start":{"line":190,"column":2},"end":{"line":190,"column":null}},"20":{"start":{"line":190,"column":40},"end":{"line":190,"column":null}},"21":{"start":{"line":191,"column":2},"end":{"line":191,"column":null}},"22":{"start":{"line":191,"column":36},"end":{"line":191,"column":null}},"23":{"start":{"line":192,"column":2},"end":{"line":192,"column":null}},"24":{"start":{"line":192,"column":37},"end":{"line":192,"column":null}},"25":{"start":{"line":193,"column":2},"end":{"line":193,"column":null}},"26":{"start":{"line":193,"column":37},"end":{"line":193,"column":null}},"27":{"start":{"line":194,"column":2},"end":{"line":194,"column":null}},"28":{"start":{"line":194,"column":35},"end":{"line":194,"column":null}},"29":{"start":{"line":195,"column":2},"end":{"line":195,"column":null}},"30":{"start":{"line":195,"column":36},"end":{"line":195,"column":null}},"31":{"start":{"line":197,"column":2},"end":{"line":197,"column":null}}},"fnMap":{"0":{"name":"getCurrentLevel","decl":{"start":{"line":168,"column":16},"end":{"line":168,"column":31}},"loc":{"start":{"line":168,"column":36},"end":{"line":182,"column":null}},"line":168},"1":{"name":"(anonymous_1)","decl":{"start":{"line":177,"column":36},"end":{"line":177,"column":37}},"loc":{"start":{"line":177,"column":41},"end":{"line":177,"column":53}},"line":177},"2":{"name":"checkBadges","decl":{"start":{"line":184,"column":16},"end":{"line":184,"column":27}},"loc":{"start":{"line":184,"column":38},"end":{"line":198,"column":null}},"line":184}},"branchMap":{"0":{"loc":{"start":{"line":171,"column":4},"end":{"line":175,"column":null}},"type":"if","locations":[{"start":{"line":171,"column":4},"end":{"line":175,"column":null}},{"start":{"line":173,"column":11},"end":{"line":175,"column":null}}],"line":171},"1":{"loc":{"start":{"line":178,"column":19},"end":{"line":180,"column":9}},"type":"cond-expr","locations":[{"start":{"line":179,"column":6},"end":{"line":179,"column":null}},{"start":{"line":180,"column":6},"end":{"line":180,"column":9}}],"line":178},"2":{"loc":{"start":{"line":187,"column":2},"end":{"line":187,"column":null}},"type":"if","locations":[{"start":{"line":187,"column":2},"end":{"line":187,"column":null}},{"start":{},"end":{}}],"line":187},"3":{"loc":{"start":{"line":188,"column":2},"end":{"line":188,"column":null}},"type":"if","locations":[{"start":{"line":188,"column":2},"end":{"line":188,"column":null}},{"start":{},"end":{}}],"line":188},"4":{"loc":{"start":{"line":189,"column":2},"end":{"line":189,"column":null}},"type":"if","locations":[{"start":{"line":189,"column":2},"end":{"line":189,"column":null}},{"start":{},"end":{}}],"line":189},"5":{"loc":{"start":{"line":190,"column":2},"end":{"line":190,"column":null}},"type":"if","locations":[{"start":{"line":190,"column":2},"end":{"line":190,"column":null}},{"start":{},"end":{}}],"line":190},"6":{"loc":{"start":{"line":191,"column":2},"end":{"line":191,"column":null}},"type":"if","locations":[{"start":{"line":191,"column":2},"end":{"line":191,"column":null}},{"start":{},"end":{}}],"line":191},"7":{"loc":{"start":{"line":192,"column":2},"end":{"line":192,"column":null}},"type":"if","locations":[{"start":{"line":192,"column":2},"end":{"line":192,"column":null}},{"start":{},"end":{}}],"line":192},"8":{"loc":{"start":{"line":193,"column":2},"end":{"line":193,"column":null}},"type":"if","locations":[{"start":{"line":193,"column":2},"end":{"line":193,"column":null}},{"start":{},"end":{}}],"line":193},"9":{"loc":{"start":{"line":194,"column":2},"end":{"line":194,"column":null}},"type":"if","locations":[{"start":{"line":194,"column":2},"end":{"line":194,"column":null}},{"start":{},"end":{}}],"line":194},"10":{"loc":{"start":{"line":195,"column":2},"end":{"line":195,"column":null}},"type":"if","locations":[{"start":{"line":195,"column":2},"end":{"line":195,"column":null}},{"start":{},"end":{}}],"line":195}},"s":{"0":3,"1":3,"2":3,"3":17,"4":17,"5":57,"6":41,"7":16,"8":17,"9":57,"10":17,"11":17,"12":14,"13":14,"14":2,"15":14,"16":1,"17":14,"18":1,"19":14,"20":1,"21":14,"22":1,"23":14,"24":2,"25":14,"26":1,"27":14,"28":1,"29":14,"30":1,"31":14},"f":{"0":17,"1":57,"2":14},"b":{"0":[41,16],"1":[16,1],"2":[2,12],"3":[1,13],"4":[1,13],"5":[1,13],"6":[1,13],"7":[2,12],"8":[1,13],"9":[1,13],"10":[1,13]},"meta":{"lastBranch":11,"lastFunction":3,"lastStatement":32,"seen":{"s:3:24:139:1":0,"s:141:22:152:1":1,"s:155:26:166:1":2,"f:168:16:168:31":0,"s:169:16:169:29":3,"s:170:2:176:Infinity":4,"b:171:4:175:Infinity:173:11:175:Infinity":0,"s:171:4:175:Infinity":5,"s:172:6:172:Infinity":6,"s:174:6:174:Infinity":7,"s:177:20:177:54":8,"f:177:36:177:37":1,"s:177:41:177:53":9,"s:178:19:180:9":10,"b:179:6:179:Infinity:180:6:180:9":1,"s:181:2:181:Infinity":11,"f:184:16:184:27":2,"s:185:17:185:19":12,"b:187:2:187:Infinity:undefined:undefined:undefined:undefined":2,"s:187:2:187:Infinity":13,"s:187:33:187:Infinity":14,"b:188:2:188:Infinity:undefined:undefined:undefined:undefined":3,"s:188:2:188:Infinity":15,"s:188:28:188:Infinity":16,"b:189:2:189:Infinity:undefined:undefined:undefined:undefined":4,"s:189:2:189:Infinity":17,"s:189:39:189:Infinity":18,"b:190:2:190:Infinity:undefined:undefined:undefined:undefined":5,"s:190:2:190:Infinity":19,"s:190:40:190:Infinity":20,"b:191:2:191:Infinity:undefined:undefined:undefined:undefined":6,"s:191:2:191:Infinity":21,"s:191:36:191:Infinity":22,"b:192:2:192:Infinity:undefined:undefined:undefined:undefined":7,"s:192:2:192:Infinity":23,"s:192:37:192:Infinity":24,"b:193:2:193:Infinity:undefined:undefined:undefined:undefined":8,"s:193:2:193:Infinity":25,"s:193:37:193:Infinity":26,"b:194:2:194:Infinity:undefined:undefined:undefined:undefined":9,"s:194:2:194:Infinity":27,"s:194:35:194:Infinity":28,"b:195:2:195:Infinity:undefined:undefined:undefined:undefined":10,"s:195:2:195:Infinity":29,"s:195:36:195:Infinity":30,"s:197:2:197:Infinity":31},"fnNames":{}}}
,"C:\\Users\\satya\\projects\\yntro\\src\\utils\\ruleEngine.js": {"path":"C:\\Users\\satya\\projects\\yntro\\src\\utils\\ruleEngine.js","statementMap":{"0":{"start":{"line":4,"column":14},"end":{"line":105,"column":1}},"1":{"start":{"line":7,"column":37},"end":{"line":7,"column":70}},"2":{"start":{"line":17,"column":37},"end":{"line":17,"column":62}},"3":{"start":{"line":27,"column":37},"end":{"line":27,"column":66}},"4":{"start":{"line":37,"column":30},"end":{"line":37,"column":49}},"5":{"start":{"line":47,"column":30},"end":{"line":47,"column":52}},"6":{"start":{"line":57,"column":30},"end":{"line":57,"column":49}},"7":{"start":{"line":67,"column":21},"end":{"line":67,"column":25}},"8":{"start":{"line":77,"column":21},"end":{"line":77,"column":25}},"9":{"start":{"line":87,"column":21},"end":{"line":87,"column":25}},"10":{"start":{"line":97,"column":21},"end":{"line":97,"column":25}},"11":{"start":{"line":108,"column":21},"end":{"line":111,"column":20}},"12":{"start":{"line":109,"column":20},"end":{"line":109,"column":52}},"13":{"start":{"line":110,"column":20},"end":{"line":110,"column":43}},"14":{"start":{"line":113,"column":2},"end":{"line":113,"column":null}},"15":{"start":{"line":117,"column":15},"end":{"line":117,"column":50}},"16":{"start":{"line":117,"column":33},"end":{"line":117,"column":49}},"17":{"start":{"line":118,"column":2},"end":{"line":118,"column":null}},"18":{"start":{"line":122,"column":24},"end":{"line":155,"column":1}},"19":{"start":{"line":158,"column":16},"end":{"line":158,"column":37}},"20":{"start":{"line":160,"column":2},"end":{"line":162,"column":null}},"21":{"start":{"line":161,"column":4},"end":{"line":161,"column":null}},"22":{"start":{"line":163,"column":2},"end":{"line":165,"column":null}},"23":{"start":{"line":164,"column":4},"end":{"line":164,"column":null}},"24":{"start":{"line":166,"column":2},"end":{"line":168,"column":null}},"25":{"start":{"line":167,"column":4},"end":{"line":167,"column":null}},"26":{"start":{"line":169,"column":2},"end":{"line":171,"column":null}},"27":{"start":{"line":170,"column":4},"end":{"line":170,"column":null}},"28":{"start":{"line":172,"column":2},"end":{"line":174,"column":null}},"29":{"start":{"line":173,"column":4},"end":{"line":173,"column":null}},"30":{"start":{"line":175,"column":2},"end":{"line":177,"column":null}},"31":{"start":{"line":176,"column":4},"end":{"line":176,"column":null}},"32":{"start":{"line":178,"column":2},"end":{"line":180,"column":null}},"33":{"start":{"line":179,"column":4},"end":{"line":179,"column":null}},"34":{"start":{"line":181,"column":2},"end":{"line":183,"column":null}},"35":{"start":{"line":182,"column":4},"end":{"line":182,"column":null}},"36":{"start":{"line":184,"column":2},"end":{"line":186,"column":null}},"37":{"start":{"line":185,"column":4},"end":{"line":185,"column":null}},"38":{"start":{"line":188,"column":2},"end":{"line":188,"column":null}},"39":{"start":{"line":192,"column":2},"end":{"line":192,"column":null}}},"fnMap":{"0":{"name":"(anonymous_0)","decl":{"start":{"line":7,"column":15},"end":{"line":7,"column":16}},"loc":{"start":{"line":7,"column":37},"end":{"line":7,"column":70}},"line":7},"1":{"name":"(anonymous_1)","decl":{"start":{"line":17,"column":15},"end":{"line":17,"column":16}},"loc":{"start":{"line":17,"column":37},"end":{"line":17,"column":62}},"line":17},"2":{"name":"(anonymous_2)","decl":{"start":{"line":27,"column":15},"end":{"line":27,"column":16}},"loc":{"start":{"line":27,"column":37},"end":{"line":27,"column":66}},"line":27},"3":{"name":"(anonymous_3)","decl":{"start":{"line":37,"column":15},"end":{"line":37,"column":16}},"loc":{"start":{"line":37,"column":30},"end":{"line":37,"column":49}},"line":37},"4":{"name":"(anonymous_4)","decl":{"start":{"line":47,"column":15},"end":{"line":47,"column":16}},"loc":{"start":{"line":47,"column":30},"end":{"line":47,"column":52}},"line":47},"5":{"name":"(anonymous_5)","decl":{"start":{"line":57,"column":15},"end":{"line":57,"column":16}},"loc":{"start":{"line":57,"column":30},"end":{"line":57,"column":49}},"line":57},"6":{"name":"(anonymous_6)","decl":{"start":{"line":67,"column":15},"end":{"line":67,"column":16}},"loc":{"start":{"line":67,"column":21},"end":{"line":67,"column":25}},"line":67},"7":{"name":"(anonymous_7)","decl":{"start":{"line":77,"column":15},"end":{"line":77,"column":16}},"loc":{"start":{"line":77,"column":21},"end":{"line":77,"column":25}},"line":77},"8":{"name":"(anonymous_8)","decl":{"start":{"line":87,"column":15},"end":{"line":87,"column":16}},"loc":{"start":{"line":87,"column":21},"end":{"line":87,"column":25}},"line":87},"9":{"name":"(anonymous_9)","decl":{"start":{"line":97,"column":15},"end":{"line":97,"column":16}},"loc":{"start":{"line":97,"column":21},"end":{"line":97,"column":25}},"line":97},"10":{"name":"getRecommendations","decl":{"start":{"line":107,"column":16},"end":{"line":107,"column":34}},"loc":{"start":{"line":107,"column":64},"end":{"line":114,"column":null}},"line":107},"11":{"name":"(anonymous_11)","decl":{"start":{"line":109,"column":12},"end":{"line":109,"column":16}},"loc":{"start":{"line":109,"column":20},"end":{"line":109,"column":52}},"line":109},"12":{"name":"(anonymous_12)","decl":{"start":{"line":110,"column":10},"end":{"line":110,"column":11}},"loc":{"start":{"line":110,"column":20},"end":{"line":110,"column":43}},"line":110},"13":{"name":"getRandomTip","decl":{"start":{"line":116,"column":16},"end":{"line":116,"column":28}},"loc":{"start":{"line":116,"column":31},"end":{"line":119,"column":null}},"line":116},"14":{"name":"(anonymous_14)","decl":{"start":{"line":117,"column":28},"end":{"line":117,"column":29}},"loc":{"start":{"line":117,"column":33},"end":{"line":117,"column":49}},"line":117},"15":{"name":"getCoachResponse","decl":{"start":{"line":157,"column":16},"end":{"line":157,"column":32}},"loc":{"start":{"line":157,"column":42},"end":{"line":189,"column":null}},"line":157},"16":{"name":"pickRandom","decl":{"start":{"line":191,"column":9},"end":{"line":191,"column":19}},"loc":{"start":{"line":191,"column":25},"end":{"line":193,"column":null}},"line":191}},"branchMap":{"0":{"loc":{"start":{"line":107,"column":53},"end":{"line":107,"column":62}},"type":"default-arg","locations":[{"start":{"line":107,"column":61},"end":{"line":107,"column":62}}],"line":107},"1":{"loc":{"start":{"line":160,"column":2},"end":{"line":162,"column":null}},"type":"if","locations":[{"start":{"line":160,"column":2},"end":{"line":162,"column":null}},{"start":{},"end":{}}],"line":160},"2":{"loc":{"start":{"line":160,"column":6},"end":{"line":160,"column":105}},"type":"binary-expr","locations":[{"start":{"line":160,"column":6},"end":{"line":160,"column":29}},{"start":{"line":160,"column":33},"end":{"line":160,"column":53}},{"start":{"line":160,"column":57},"end":{"line":160,"column":78}},{"start":{"line":160,"column":82},"end":{"line":160,"column":105}}],"line":160},"3":{"loc":{"start":{"line":163,"column":2},"end":{"line":165,"column":null}},"type":"if","locations":[{"start":{"line":163,"column":2},"end":{"line":165,"column":null}},{"start":{},"end":{}}],"line":163},"4":{"loc":{"start":{"line":163,"column":6},"end":{"line":163,"column":138}},"type":"binary-expr","locations":[{"start":{"line":163,"column":6},"end":{"line":163,"column":38}},{"start":{"line":163,"column":42},"end":{"line":163,"column":67}},{"start":{"line":163,"column":71},"end":{"line":163,"column":105}},{"start":{"line":163,"column":109},"end":{"line":163,"column":138}}],"line":163},"5":{"loc":{"start":{"line":166,"column":2},"end":{"line":168,"column":null}},"type":"if","locations":[{"start":{"line":166,"column":2},"end":{"line":168,"column":null}},{"start":{},"end":{}}],"line":166},"6":{"loc":{"start":{"line":166,"column":6},"end":{"line":166,"column":140}},"type":"binary-expr","locations":[{"start":{"line":166,"column":6},"end":{"line":166,"column":30}},{"start":{"line":166,"column":34},"end":{"line":166,"column":57}},{"start":{"line":166,"column":61},"end":{"line":166,"column":83}},{"start":{"line":166,"column":87},"end":{"line":166,"column":111}},{"start":{"line":166,"column":115},"end":{"line":166,"column":140}}],"line":166},"7":{"loc":{"start":{"line":169,"column":2},"end":{"line":171,"column":null}},"type":"if","locations":[{"start":{"line":169,"column":2},"end":{"line":171,"column":null}},{"start":{},"end":{}}],"line":169},"8":{"loc":{"start":{"line":169,"column":6},"end":{"line":169,"column":193}},"type":"binary-expr","locations":[{"start":{"line":169,"column":6},"end":{"line":169,"column":33}},{"start":{"line":169,"column":37},"end":{"line":169,"column":58}},{"start":{"line":169,"column":62},"end":{"line":169,"column":85}},{"start":{"line":169,"column":89},"end":{"line":169,"column":113}},{"start":{"line":169,"column":117},"end":{"line":169,"column":141}},{"start":{"line":169,"column":145},"end":{"line":169,"column":166}},{"start":{"line":169,"column":170},"end":{"line":169,"column":193}}],"line":169},"9":{"loc":{"start":{"line":172,"column":2},"end":{"line":174,"column":null}},"type":"if","locations":[{"start":{"line":172,"column":2},"end":{"line":174,"column":null}},{"start":{},"end":{}}],"line":172},"10":{"loc":{"start":{"line":172,"column":6},"end":{"line":172,"column":164}},"type":"binary-expr","locations":[{"start":{"line":172,"column":6},"end":{"line":172,"column":28}},{"start":{"line":172,"column":32},"end":{"line":172,"column":53}},{"start":{"line":172,"column":57},"end":{"line":172,"column":79}},{"start":{"line":172,"column":83},"end":{"line":172,"column":105}},{"start":{"line":172,"column":109},"end":{"line":172,"column":132}},{"start":{"line":172,"column":136},"end":{"line":172,"column":164}}],"line":172},"11":{"loc":{"start":{"line":175,"column":2},"end":{"line":177,"column":null}},"type":"if","locations":[{"start":{"line":175,"column":2},"end":{"line":177,"column":null}},{"start":{},"end":{}}],"line":175},"12":{"loc":{"start":{"line":175,"column":6},"end":{"line":175,"column":141}},"type":"binary-expr","locations":[{"start":{"line":175,"column":6},"end":{"line":175,"column":32}},{"start":{"line":175,"column":36},"end":{"line":175,"column":60}},{"start":{"line":175,"column":64},"end":{"line":175,"column":87}},{"start":{"line":175,"column":91},"end":{"line":175,"column":114}},{"start":{"line":175,"column":118},"end":{"line":175,"column":141}}],"line":175},"13":{"loc":{"start":{"line":178,"column":2},"end":{"line":180,"column":null}},"type":"if","locations":[{"start":{"line":178,"column":2},"end":{"line":180,"column":null}},{"start":{},"end":{}}],"line":178},"14":{"loc":{"start":{"line":178,"column":6},"end":{"line":178,"column":143}},"type":"binary-expr","locations":[{"start":{"line":178,"column":6},"end":{"line":178,"column":29}},{"start":{"line":178,"column":33},"end":{"line":178,"column":58}},{"start":{"line":178,"column":62},"end":{"line":178,"column":85}},{"start":{"line":178,"column":89},"end":{"line":178,"column":114}},{"start":{"line":178,"column":118},"end":{"line":178,"column":143}}],"line":178},"15":{"loc":{"start":{"line":181,"column":2},"end":{"line":183,"column":null}},"type":"if","locations":[{"start":{"line":181,"column":2},"end":{"line":183,"column":null}},{"start":{},"end":{}}],"line":181},"16":{"loc":{"start":{"line":181,"column":6},"end":{"line":181,"column":116}},"type":"binary-expr","locations":[{"start":{"line":181,"column":6},"end":{"line":181,"column":31}},{"start":{"line":181,"column":35},"end":{"line":181,"column":62}},{"start":{"line":181,"column":66},"end":{"line":181,"column":91}},{"start":{"line":181,"column":95},"end":{"line":181,"column":116}}],"line":181},"17":{"loc":{"start":{"line":184,"column":2},"end":{"line":186,"column":null}},"type":"if","locations":[{"start":{"line":184,"column":2},"end":{"line":186,"column":null}},{"start":{},"end":{}}],"line":184},"18":{"loc":{"start":{"line":184,"column":6},"end":{"line":184,"column":113}},"type":"binary-expr","locations":[{"start":{"line":184,"column":6},"end":{"line":184,"column":28}},{"start":{"line":184,"column":32},"end":{"line":184,"column":54}},{"start":{"line":184,"column":58},"end":{"line":184,"column":84}},{"start":{"line":184,"column":88},"end":{"line":184,"column":113}}],"line":184}},"s":{"0":3,"1":4,"2":4,"3":4,"4":4,"5":4,"6":4,"7":4,"8":4,"9":4,"10":4,"11":4,"12":40,"13":18,"14":4,"15":1,"16":10,"17":1,"18":3,"19":10,"20":10,"21":4,"22":6,"23":2,"24":4,"25":1,"26":3,"27":1,"28":2,"29":1,"30":1,"31":0,"32":1,"33":0,"34":1,"35":0,"36":1,"37":0,"38":1,"39":10},"f":{"0":4,"1":4,"2":4,"3":4,"4":4,"5":4,"6":4,"7":4,"8":4,"9":4,"10":4,"11":40,"12":18,"13":1,"14":10,"15":10,"16":10},"b":{"0":[4],"1":[4,6],"2":[10,6,6,6],"3":[2,4],"4":[6,4,4,4],"5":[1,3],"6":[4,3,3,3,3],"7":[1,2],"8":[3,3,2,2,2,2,2],"9":[1,1],"10":[2,2,2,1,1,1],"11":[0,1],"12":[1,1,1,1,1],"13":[0,1],"14":[1,1,1,1,1],"15":[0,1],"16":[1,1,1,1],"17":[0,1],"18":[1,1,1,1]},"meta":{"lastBranch":19,"lastFunction":17,"lastStatement":40,"seen":{"s:4:14:105:1":0,"f:7:15:7:16":0,"s:7:37:7:70":1,"f:17:15:17:16":1,"s:17:37:17:62":2,"f:27:15:27:16":2,"s:27:37:27:66":3,"f:37:15:37:16":3,"s:37:30:37:49":4,"f:47:15:47:16":4,"s:47:30:47:52":5,"f:57:15:57:16":5,"s:57:30:57:49":6,"f:67:15:67:16":6,"s:67:21:67:25":7,"f:77:15:77:16":7,"s:77:21:77:25":8,"f:87:15:87:16":8,"s:87:21:87:25":9,"f:97:15:97:16":9,"s:97:21:97:25":10,"f:107:16:107:34":10,"b:107:61:107:62":0,"s:108:21:111:20":11,"f:109:12:109:16":11,"s:109:20:109:52":12,"f:110:10:110:11":12,"s:110:20:110:43":13,"s:113:2:113:Infinity":14,"f:116:16:116:28":13,"s:117:15:117:50":15,"f:117:28:117:29":14,"s:117:33:117:49":16,"s:118:2:118:Infinity":17,"s:122:24:155:1":18,"f:157:16:157:32":15,"s:158:16:158:37":19,"b:160:2:162:Infinity:undefined:undefined:undefined:undefined":1,"s:160:2:162:Infinity":20,"b:160:6:160:29:160:33:160:53:160:57:160:78:160:82:160:105":2,"s:161:4:161:Infinity":21,"b:163:2:165:Infinity:undefined:undefined:undefined:undefined":3,"s:163:2:165:Infinity":22,"b:163:6:163:38:163:42:163:67:163:71:163:105:163:109:163:138":4,"s:164:4:164:Infinity":23,"b:166:2:168:Infinity:undefined:undefined:undefined:undefined":5,"s:166:2:168:Infinity":24,"b:166:6:166:30:166:34:166:57:166:61:166:83:166:87:166:111:166:115:166:140":6,"s:167:4:167:Infinity":25,"b:169:2:171:Infinity:undefined:undefined:undefined:undefined":7,"s:169:2:171:Infinity":26,"b:169:6:169:33:169:37:169:58:169:62:169:85:169:89:169:113:169:117:169:141:169:145:169:166:169:170:169:193":8,"s:170:4:170:Infinity":27,"b:172:2:174:Infinity:undefined:undefined:undefined:undefined":9,"s:172:2:174:Infinity":28,"b:172:6:172:28:172:32:172:53:172:57:172:79:172:83:172:105:172:109:172:132:172:136:172:164":10,"s:173:4:173:Infinity":29,"b:175:2:177:Infinity:undefined:undefined:undefined:undefined":11,"s:175:2:177:Infinity":30,"b:175:6:175:32:175:36:175:60:175:64:175:87:175:91:175:114:175:118:175:141":12,"s:176:4:176:Infinity":31,"b:178:2:180:Infinity:undefined:undefined:undefined:undefined":13,"s:178:2:180:Infinity":32,"b:178:6:178:29:178:33:178:58:178:62:178:85:178:89:178:114:178:118:178:143":14,"s:179:4:179:Infinity":33,"b:181:2:183:Infinity:undefined:undefined:undefined:undefined":15,"s:181:2:183:Infinity":34,"b:181:6:181:31:181:35:181:62:181:66:181:91:181:95:181:116":16,"s:182:4:182:Infinity":35,"b:184:2:186:Infinity:undefined:undefined:undefined:undefined":17,"s:184:2:186:Infinity":36,"b:184:6:184:28:184:32:184:54:184:58:184:84:184:88:184:113":18,"s:185:4:185:Infinity":37,"s:188:2:188:Infinity":38,"f:191:9:191:19":16,"s:192:2:192:Infinity":39},"fnNames":{}}}
,"C:\\Users\\satya\\projects\\yntro\\src\\utils\\storage.js": {"path":"C:\\Users\\satya\\projects\\yntro\\src\\utils\\storage.js","statementMap":{"0":{"start":{"line":3,"column":18},"end":{"line":3,"column":22}},"1":{"start":{"line":4,"column":20},"end":{"line":4,"column":22}},"2":{"start":{"line":5,"column":24},"end":{"line":5,"column":26}},"3":{"start":{"line":6,"column":16},"end":{"line":6,"column":64}},"4":{"start":{"line":7,"column":18},"end":{"line":7,"column":20}},"5":{"start":{"line":11,"column":2},"end":{"line":11,"column":null}},"6":{"start":{"line":11,"column":19},"end":{"line":11,"column":null}},"7":{"start":{"line":12,"column":2},"end":{"line":24,"column":null}},"8":{"start":{"line":28,"column":2},"end":{"line":32,"column":null}},"9":{"start":{"line":29,"column":4},"end":{"line":29,"column":null}},"10":{"start":{"line":31,"column":4},"end":{"line":31,"column":null}},"11":{"start":{"line":37,"column":2},"end":{"line":37,"column":null}},"12":{"start":{"line":41,"column":2},"end":{"line":41,"column":null}},"13":{"start":{"line":42,"column":2},"end":{"line":42,"column":null}},"14":{"start":{"line":47,"column":2},"end":{"line":47,"column":null}},"15":{"start":{"line":51,"column":2},"end":{"line":53,"column":null}},"16":{"start":{"line":51,"column":35},"end":{"line":51,"column":53}},"17":{"start":{"line":52,"column":4},"end":{"line":52,"column":null}},"18":{"start":{"line":54,"column":2},"end":{"line":54,"column":null}},"19":{"start":{"line":59,"column":2},"end":{"line":59,"column":null}},"20":{"start":{"line":63,"column":2},"end":{"line":63,"column":null}},"21":{"start":{"line":68,"column":2},"end":{"line":68,"column":null}},"22":{"start":{"line":72,"column":2},"end":{"line":72,"column":null}}},"fnMap":{"0":{"name":"getUserProfile","decl":{"start":{"line":10,"column":16},"end":{"line":10,"column":30}},"loc":{"start":{"line":10,"column":33},"end":{"line":25,"column":null}},"line":10},"1":{"name":"saveUserProfile","decl":{"start":{"line":27,"column":16},"end":{"line":27,"column":31}},"loc":{"start":{"line":27,"column":41},"end":{"line":33,"column":null}},"line":27},"2":{"name":"getCarbonHistory","decl":{"start":{"line":36,"column":16},"end":{"line":36,"column":32}},"loc":{"start":{"line":36,"column":35},"end":{"line":38,"column":null}},"line":36},"3":{"name":"saveCarbonEntry","decl":{"start":{"line":40,"column":16},"end":{"line":40,"column":31}},"loc":{"start":{"line":40,"column":39},"end":{"line":43,"column":null}},"line":40},"4":{"name":"getCompletedMissions","decl":{"start":{"line":46,"column":16},"end":{"line":46,"column":36}},"loc":{"start":{"line":46,"column":39},"end":{"line":48,"column":null}},"line":46},"5":{"name":"saveMissionComplete","decl":{"start":{"line":50,"column":16},"end":{"line":50,"column":35}},"loc":{"start":{"line":50,"column":55},"end":{"line":55,"column":null}},"line":50},"6":{"name":"(anonymous_6)","decl":{"start":{"line":51,"column":30},"end":{"line":51,"column":31}},"loc":{"start":{"line":51,"column":35},"end":{"line":51,"column":53}},"line":51},"7":{"name":"getGameStats","decl":{"start":{"line":58,"column":16},"end":{"line":58,"column":28}},"loc":{"start":{"line":58,"column":31},"end":{"line":60,"column":null}},"line":58},"8":{"name":"saveGameStats","decl":{"start":{"line":62,"column":16},"end":{"line":62,"column":29}},"loc":{"start":{"line":62,"column":37},"end":{"line":64,"column":null}},"line":62},"9":{"name":"getChatHistory","decl":{"start":{"line":67,"column":16},"end":{"line":67,"column":30}},"loc":{"start":{"line":67,"column":33},"end":{"line":69,"column":null}},"line":67},"10":{"name":"saveChatHistory","decl":{"start":{"line":71,"column":16},"end":{"line":71,"column":31}},"loc":{"start":{"line":71,"column":42},"end":{"line":73,"column":null}},"line":71}},"branchMap":{"0":{"loc":{"start":{"line":11,"column":2},"end":{"line":11,"column":null}},"type":"if","locations":[{"start":{"line":11,"column":2},"end":{"line":11,"column":null}},{"start":{},"end":{}}],"line":11},"1":{"loc":{"start":{"line":28,"column":2},"end":{"line":32,"column":null}},"type":"if","locations":[{"start":{"line":28,"column":2},"end":{"line":32,"column":null}},{"start":{"line":30,"column":9},"end":{"line":32,"column":null}}],"line":28},"2":{"loc":{"start":{"line":51,"column":2},"end":{"line":53,"column":null}},"type":"if","locations":[{"start":{"line":51,"column":2},"end":{"line":53,"column":null}},{"start":{},"end":{}}],"line":51}},"s":{"0":6,"1":6,"2":6,"3":6,"4":6,"5":2,"6":1,"7":1,"8":9,"9":8,"10":1,"11":1,"12":1,"13":1,"14":2,"15":3,"16":3,"17":2,"18":3,"19":1,"20":1,"21":1,"22":1},"f":{"0":2,"1":9,"2":1,"3":1,"4":2,"5":3,"6":3,"7":1,"8":1,"9":1,"10":1},"b":{"0":[1,1],"1":[8,1],"2":[2,1]},"meta":{"lastBranch":3,"lastFunction":11,"lastStatement":23,"seen":{"s:3:18:3:22":0,"s:4:20:4:22":1,"s:5:24:5:26":2,"s:6:16:6:64":3,"s:7:18:7:20":4,"f:10:16:10:30":0,"b:11:2:11:Infinity:undefined:undefined:undefined:undefined":0,"s:11:2:11:Infinity":5,"s:11:19:11:Infinity":6,"s:12:2:24:Infinity":7,"f:27:16:27:31":1,"b:28:2:32:Infinity:30:9:32:Infinity":1,"s:28:2:32:Infinity":8,"s:29:4:29:Infinity":9,"s:31:4:31:Infinity":10,"f:36:16:36:32":2,"s:37:2:37:Infinity":11,"f:40:16:40:31":3,"s:41:2:41:Infinity":12,"s:42:2:42:Infinity":13,"f:46:16:46:36":4,"s:47:2:47:Infinity":14,"f:50:16:50:35":5,"b:51:2:53:Infinity:undefined:undefined:undefined:undefined":2,"s:51:2:53:Infinity":15,"f:51:30:51:31":6,"s:51:35:51:53":16,"s:52:4:52:Infinity":17,"s:54:2:54:Infinity":18,"f:58:16:58:28":7,"s:59:2:59:Infinity":19,"f:62:16:62:29":8,"s:63:2:63:Infinity":20,"f:67:16:67:30":9,"s:68:2:68:Infinity":21,"f:71:16:71:31":10,"s:72:2:72:Infinity":22},"fnNames":{}}}
}
